z:\fbm_nx11_nuaa_win32_d240618v3\fbm_nx11_nuaa_win32_d240618\application\bosstopmilling.lib
z:\fbm_nx11_nuaa_win32_d240618v3\fbm_nx11_nuaa_win32_d240618\application\bosstopmilling.exp
z:\fbm_nx11_nuaa_win32_d240618v3\fbm_nx11_nuaa_win32_d240618\fbm\bosstopmilling\x64\debug\vc120.pdb
z:\fbm_nx11_nuaa_win32_d240618v3\fbm_nx11_nuaa_win32_d240618\fbm\bosstopmilling\x64\debug\vc120.idb
z:\fbm_nx11_nuaa_win32_d240618v3\fbm_nx11_nuaa_win32_d240618\fbm\bosstopmilling\x64\debug\bosstopmilling.obj
z:\fbm_nx11_nuaa_win32_d240618v3\fbm_nx11_nuaa_win32_d240618\fbm\bosstopmilling\x64\debug\dlbosstopmillingcmd.obj
z:\fbm_nx11_nuaa_win32_d240618v3\fbm_nx11_nuaa_win32_d240618\fbm\bosstopmilling\x64\debug\nbosstopmillingcmd.obj
z:\fbm_nx11_nuaa_win32_d240618v3\fbm_nx11_nuaa_win32_d240618\application\bosstopmilling.ilk
z:\fbm_nx11_nuaa_win32_d240618v3\fbm_nx11_nuaa_win32_d240618\application\bosstopmilling.dll
z:\fbm_nx11_nuaa_win32_d240618v3\fbm_nx11_nuaa_win32_d240618\application\bosstopmilling.pdb
z:\ug\fbm_win32_nx11_nuaa_finalversion1\fbm\bosstopmilling\x64\debug\bosstopmilling.obj
z:\ug\fbm_win32_nx11_nuaa_finalversion1\fbm\bosstopmilling\x64\debug\dlbosstopmillingcmd.obj
z:\ug\fbm_win32_nx11_nuaa_finalversion1\fbm\bosstopmilling\x64\debug\nbosstopmillingcmd.obj
z:\ug\fbm_win32_nx11_nuaa_finalversion1\fbm\bosstopmilling\x64\debug\vc120.idb
z:\ug\fbm_win32_nx11_nuaa_finalversion1\fbm\bosstopmilling\x64\debug\vc120.pdb
z:\ug\fbm_win32_nx11_nuaa_finalversion1\fbm\bosstopmilling\..\..\application\bosstopmilling.dll
z:\ug\fbm_win32_nx11_nuaa_finalversion1\fbm\bosstopmilling\x64\debug\bosstopmilling.tlog\bosstopmilling.write.1u.tlog
z:\ug\fbm_win32_nx11_nuaa_finalversion1\fbm\bosstopmilling\x64\debug\bosstopmilling.tlog\cl.command.1.tlog
z:\ug\fbm_win32_nx11_nuaa_finalversion1\fbm\bosstopmilling\x64\debug\bosstopmilling.tlog\cl.read.1.tlog
z:\ug\fbm_win32_nx11_nuaa_finalversion1\fbm\bosstopmilling\x64\debug\bosstopmilling.tlog\cl.write.1.tlog
z:\ug\fbm_win32_nx11_nuaa_finalversion1\fbm\bosstopmilling\x64\debug\bosstopmilling.tlog\link.command.1.tlog
z:\ug\fbm_win32_nx11_nuaa_finalversion1\fbm\bosstopmilling\x64\debug\bosstopmilling.tlog\link.read.1.tlog
z:\ug\fbm_win32_nx11_nuaa_finalversion1\fbm\bosstopmilling\x64\debug\bosstopmilling.tlog\link.write.1.tlog
