生成启动时间为 2024/6/20 15:22:57。
     1>项目“Z:\UG\FBM_Win32_NX11_NUAA_finalversion1\FBM\PlanGrooveMilling\PlanGrooveMilling.vcxproj”在节点 4 上(Rebuild 个目标)。
     1>C:\Program Files (x86)\MSBuild\Microsoft.Cpp\v4.0\V120\Microsoft.CppBuild.targets(364,5): warning MSB8004: Output Directory does not end with a trailing slash.  This build instance will add the slash as it is required to allow proper evaluation of the Output Directory.
     1>C:\Program Files (x86)\MSBuild\Microsoft.Cpp\v4.0\V120\Microsoft.CppBuild.targets(388,5): warning MSB8028: The intermediate directory (x64\Debug\) contains files shared from another project (PlanGrooveMilling.vcxproj).  This can lead to incorrect clean and rebuild behavior.
     1>ClCompile:
         C:\Program Files (x86)\Microsoft Visual Studio 12.0\VC\bin\x86_amd64\CL.exe /c /IZ:\UG\FBM_Win32_NX11_NUAA_finalversion1\FBM\\UserMachiningPublicModule /I"C:\Program Files\Siemens\NX 11.0\ugopenpp" /I"C:\Program Files\Siemens\NX 11.0\ugopen" /Zi /nologo /W3 /WX- /Od /D _CRT_SECURE_NO_WARNINGS /D _SECURE_SCL=0 /D _USRDLL /D _WINDLL /D _MBCS /D _AFXDLL /Gm /EHsc /RTC1 /MD /GS /fp:precise /Zc:wchar_t /Zc:forScope /GR /Fo"x64\Debug\\" /Fd"x64\Debug\vc120.pdb" /Gd /TP /errorReport:prompt /d1scalableinclude- PlanerBlindGrooveMillingCmd.cpp PlanGrooveMilling.cpp
         PlanGrooveMilling.cpp
     1>z:\ug\fbm_win32_nx11_nuaa_finalversion1\fbm\plangroovemilling\PlanGrooveMilling.hpp(88): warning C4251: “PlanGrooveMilling::AllFaces”: class“std::vector<NXOpen::Face *,std::allocator<_Ty>>”需要有 dll 接口由 class“PlanGrooveMilling”的客户端使用
                 with
                 [
                     _Ty=NXOpen::Face *
                 ]
     1>z:\ug\fbm_win32_nx11_nuaa_finalversion1\fbm\plangroovemilling\PlanGrooveMilling.hpp(89): warning C4251: “PlanGrooveMilling::ListOfPlanerBlindGroove”: class“std::vector<PlanerBlindGroove *,std::allocator<_Ty>>”需要有 dll 接口由 class“PlanGrooveMilling”的客户端使用
                 with
                 [
                     _Ty=PlanerBlindGroove *
                 ]
     1>z:\ug\fbm_win32_nx11_nuaa_finalversion1\fbm\plangroovemilling\PlanGrooveMilling.hpp(90): warning C4251: “PlanGrooveMilling::ListOfBoss”: class“std::vector<Boss *,std::allocator<_Ty>>”需要有 dll 接口由 class“PlanGrooveMilling”的客户端使用
                 with
                 [
                     _Ty=Boss *
                 ]
     1>z:\ug\fbm_win32_nx11_nuaa_finalversion1\fbm\plangroovemilling\PlanGrooveMilling.hpp(92): warning C4251: “PlanGrooveMilling::SelectedArcCavityBottomFaceList”: class“std::vector<NXOpen::Face *,std::allocator<_Ty>>”需要有 dll 接口由 class“PlanGrooveMilling”的客户端使用
                 with
                 [
                     _Ty=NXOpen::Face *
                 ]
     1>z:\ug\fbm_win32_nx11_nuaa_finalversion1\fbm\plangroovemilling\PlanGrooveMilling.hpp(93): warning C4251: “PlanGrooveMilling::ArcCavityBottomFaceFaceList”: class“std::vector<NXOpen::Face *,std::allocator<_Ty>>”需要有 dll 接口由 class“PlanGrooveMilling”的客户端使用
                 with
                 [
                     _Ty=NXOpen::Face *
                 ]
     1>z:\ug\fbm_win32_nx11_nuaa_finalversion1\fbm\plangroovemilling\PlanGrooveMilling.hpp(94): warning C4251: “PlanGrooveMilling::SelectedPlanerBlindGrooveBottomFaceList”: class“std::vector<NXOpen::Face *,std::allocator<_Ty>>”需要有 dll 接口由 class“PlanGrooveMilling”的客户端使用
                 with
                 [
                     _Ty=NXOpen::Face *
                 ]
     1>z:\ug\fbm_win32_nx11_nuaa_finalversion1\fbm\plangroovemilling\PlanGrooveMilling.hpp(95): warning C4251: “PlanGrooveMilling::PlanerBlindGrooveBottomFaceList”: class“std::vector<NXOpen::Face *,std::allocator<_Ty>>”需要有 dll 接口由 class“PlanGrooveMilling”的客户端使用
                 with
                 [
                     _Ty=NXOpen::Face *
                 ]
     1>z:\ug\fbm_win32_nx11_nuaa_finalversion1\fbm\plangroovemilling\PlanGrooveMilling.hpp(99): warning C4251: “PlanGrooveMilling::ProgramMembers”: class“std::vector<NXOpen::CAM::CAMObject *,std::allocator<_Ty>>”需要有 dll 接口由 class“PlanGrooveMilling”的客户端使用
                 with
                 [
                     _Ty=NXOpen::CAM::CAMObject *
                 ]
     1>z:\ug\fbm_win32_nx11_nuaa_finalversion1\fbm\plangroovemilling\PlanGrooveMilling.hpp(100): warning C4251: “PlanGrooveMilling::ProgramStringList”: class“std::vector<NXOpen::NXString,std::allocator<_Ty>>”需要有 dll 接口由 class“PlanGrooveMilling”的客户端使用
                 with
                 [
                     _Ty=NXOpen::NXString
                 ]
     1>z:\ug\fbm_win32_nx11_nuaa_finalversion1\fbm\plangroovemilling\PlanGrooveMilling.hpp(101): warning C4251: “PlanGrooveMilling::ToolMembers”: class“std::vector<NXOpen::CAM::CAMObject *,std::allocator<_Ty>>”需要有 dll 接口由 class“PlanGrooveMilling”的客户端使用
                 with
                 [
                     _Ty=NXOpen::CAM::CAMObject *
                 ]
     1>z:\ug\fbm_win32_nx11_nuaa_finalversion1\fbm\plangroovemilling\PlanGrooveMilling.hpp(102): warning C4251: “PlanGrooveMilling::ToolStringList”: class“std::vector<NXOpen::NXString,std::allocator<_Ty>>”需要有 dll 接口由 class“PlanGrooveMilling”的客户端使用
                 with
                 [
                     _Ty=NXOpen::NXString
                 ]
     1>z:\ug\fbm_win32_nx11_nuaa_finalversion1\fbm\plangroovemilling\PlanGrooveMilling.hpp(103): warning C4251: “PlanGrooveMilling::MCSMembers”: class“std::vector<NXOpen::CAM::CAMObject *,std::allocator<_Ty>>”需要有 dll 接口由 class“PlanGrooveMilling”的客户端使用
                 with
                 [
                     _Ty=NXOpen::CAM::CAMObject *
                 ]
     1>z:\ug\fbm_win32_nx11_nuaa_finalversion1\fbm\plangroovemilling\PlanGrooveMilling.hpp(104): warning C4251: “PlanGrooveMilling::MCSStringList”: class“std::vector<NXOpen::NXString,std::allocator<_Ty>>”需要有 dll 接口由 class“PlanGrooveMilling”的客户端使用
                 with
                 [
                     _Ty=NXOpen::NXString
                 ]
     1>z:\ug\fbm_win32_nx11_nuaa_finalversion1\fbm\plangroovemilling\PlanGrooveMilling.hpp(105): warning C4251: “PlanGrooveMilling::MethodMembers”: class“std::vector<NXOpen::CAM::CAMObject *,std::allocator<_Ty>>”需要有 dll 接口由 class“PlanGrooveMilling”的客户端使用
                 with
                 [
                     _Ty=NXOpen::CAM::CAMObject *
                 ]
     1>z:\ug\fbm_win32_nx11_nuaa_finalversion1\fbm\plangroovemilling\PlanGrooveMilling.hpp(106): warning C4251: “PlanGrooveMilling::MethodStringList”: class“std::vector<NXOpen::NXString,std::allocator<_Ty>>”需要有 dll 接口由 class“PlanGrooveMilling”的客户端使用
                 with
                 [
                     _Ty=NXOpen::NXString
                 ]
     1>PlanGrooveMilling.cpp(67): warning C4101: “ex”: 未引用的局部变量
     1>PlanGrooveMilling.cpp(578): warning C4267: “初始化”: 从“size_t”转换到“int”，可能丢失数据
     1>PlanGrooveMilling.cpp(1005): warning C4244: “=”: 从“double”转换到“int”，可能丢失数据
     1>PlanGrooveMilling.cpp(1116): warning C4267: “初始化”: 从“size_t”转换到“int”，可能丢失数据
     1>PlanGrooveMilling.cpp(1130): warning C4267: “初始化”: 从“size_t”转换到“int”，可能丢失数据
     1>PlanGrooveMilling.cpp(1144): warning C4267: “初始化”: 从“size_t”转换到“int”，可能丢失数据
     1>PlanGrooveMilling.cpp(1161): warning C4267: “初始化”: 从“size_t”转换到“int”，可能丢失数据
     1>PlanGrooveMilling.cpp(1597): warning C4101: “ex2”: 未引用的局部变量
     1>PlanGrooveMilling.cpp(1625): warning C4267: “初始化”: 从“size_t”转换到“int”，可能丢失数据
         PlanerBlindGrooveMillingCmd.cpp
     1>PlanerBlindGrooveMillingCmd.cpp(193): warning C4101: “msg”: 未引用的局部变量
     1>PlanerBlindGrooveMillingCmd.cpp(259): warning C4267: “=”: 从“size_t”转换到“int”，可能丢失数据
     1>PlanerBlindGrooveMillingCmd.cpp(595): warning C4267: “初始化”: 从“size_t”转换到“int”，可能丢失数据
     1>PlanerBlindGrooveMillingCmd.cpp(655): warning C4267: “初始化”: 从“size_t”转换到“int”，可能丢失数据
     1>PlanerBlindGrooveMillingCmd.cpp(659): warning C4267: “初始化”: 从“size_t”转换到“int”，可能丢失数据
     1>PlanerBlindGrooveMillingCmd.cpp(660): warning C4267: “初始化”: 从“size_t”转换到“int”，可能丢失数据
     1>PlanerBlindGrooveMillingCmd.cpp(675): warning C4267: “初始化”: 从“size_t”转换到“int”，可能丢失数据
     1>PlanerBlindGrooveMillingCmd.cpp(680): warning C4267: “初始化”: 从“size_t”转换到“int”，可能丢失数据
     1>PlanerBlindGrooveMillingCmd.cpp(681): warning C4267: “初始化”: 从“size_t”转换到“int”，可能丢失数据
     1>PlanerBlindGrooveMillingCmd.cpp(936): warning C4267: “初始化”: 从“size_t”转换到“int”，可能丢失数据
         正在生成代码...
       Link:
         C:\Program Files (x86)\Microsoft Visual Studio 12.0\VC\bin\x86_amd64\link.exe /ERRORREPORT:PROMPT /OUT:"..\..\Application\/PlanGrooveMilling.dll" /INCREMENTAL /NOLOGO /LIBPATH:"C:\Program Files\Siemens\NX 11.0\ugopenpp" /LIBPATH:Z:\UG\FBM_Win32_NX11_NUAA_finalversion1\FBM\\UserMachiningPublicModule /LIBPATH:"C:\Program Files\Siemens\NX 11.0\ugopen" libufun.lib libufun_cae.lib libufun_cam.lib libufun_die.lib libufun_vdac.lib libufun_weld.lib libnxopencpp.lib libnxopencpp_annotations.lib libnxopencpp_assemblies.lib libnxopencpp_bodydes.lib libnxopencpp_cae.lib libnxopencpp_cam.lib libnxopencpp_diagramming.lib libnxopencpp_die.lib libnxopencpp_display.lib libnxopencpp_drafting.lib libnxopencpp_drawings.lib libnxopencpp_facet.lib libnxopencpp_features.lib libnxopencpp_fields.lib libnxopencpp_formboard.lib libnxopencpp_gateway.lib libnxopencpp_geometricanalysis.lib libnxopencpp_geometricutilities.lib libnxopencpp_issue.lib libnxopencpp_layer.lib libnxopencpp_layout2d.lib libnxopencpp_markup.lib libnxopencpp_mechanicalrouting.lib libnxopencpp_mechatronics.lib libnxopencpp_mfg.lib libnxopencpp_modldirect.lib libnxopencpp_motion.lib libnxopencpp_openxml.lib libnxopencpp_optimization.lib libnxopencpp_options.lib libnxopencpp_partfamily.lib libnxopencpp_pdm.lib libnxopencpp_physmat.lib libnxopencpp_placement.lib libnxopencpp_plas.lib libnxopencpp_positioning.lib libnxopencpp_preferences.lib libnxopencpp_report.lib libnxopencpp_routing.lib libnxopencpp_shapesearch.lib libnxopencpp_sheetmetal.lib libnxopencpp_shipdesign.lib libnxopencpp_sim.lib libnxopencpp_tooling.lib libnxopencpp_userdefinedobjects.lib libnxopencpp_userdefinedtemplate.lib libnxopencpp_validate.lib libnxopencpp_visualreporting.lib libnxopencpp_weld.lib libugopenint.lib libugopenint_cae.lib libugopenint_cam.lib libnxopenuicpp.lib /MANIFEST /MANIFESTUAC:"level='asInvoker' uiAccess='false'" /manifest:embed /manifestinput:"C:\Program Files (x86)\Microsoft Visual Studio 12.0\VC\Include\Manifest\dpiaware.manifest" /DEBUG /PDB:"..\..\Application\PlanGrooveMilling.pdb" /SUBSYSTEM:CONSOLE /TLBID:1 /DYNAMICBASE /NXCOMPAT /IMPLIB:"..\..\Application\/PlanGrooveMilling.lib" /MACHINE:X64 /DLL x64\Debug\PlanerBlindGrooveMillingCmd.obj
         x64\Debug\PlanGrooveMilling.obj
         LINK : 没有找到 ..\..\Application\/PlanGrooveMilling.dll 或上一个增量链接没有生成它；正在执行完全链接
            正在创建库 ..\..\Application\/PlanGrooveMilling.lib 和对象 ..\..\Application\/PlanGrooveMilling.exp
         PlanGrooveMilling.vcxproj -> Z:\UG\FBM_Win32_NX11_NUAA_finalversion1\FBM\PlanGrooveMilling\..\..\Application\PlanGrooveMilling.dll
     1>已完成生成项目“Z:\UG\FBM_Win32_NX11_NUAA_finalversion1\FBM\PlanGrooveMilling\PlanGrooveMilling.vcxproj”(Rebuild 个目标)的操作。

生成成功。

已用时间 00:00:07.79
