z:\fbm_win32_nx11_nuaa_finalversion1\fbm_win32_nx11_nuaa_finalversion1\fbm\plangroovemilling\x64\debug\vc120.pdb
z:\fbm_win32_nx11_nuaa_finalversion1\fbm_win32_nx11_nuaa_finalversion1\fbm\plangroovemilling\x64\debug\vc120.idb
z:\fbm_win32_nx11_nuaa_finalversion1\fbm_win32_nx11_nuaa_finalversion1\fbm\plangroovemilling\x64\debug\planerblindgroovemillingcmd.obj
z:\fbm_win32_nx11_nuaa_finalversion1\fbm_win32_nx11_nuaa_finalversion1\fbm\plangroovemilling\x64\debug\plangroovemilling.obj
z:\fbm_win32_nx11_nuaa_finalversion1\fbm_win32_nx11_nuaa_finalversion1\application\plangroovemilling.ilk
z:\fbm_win32_nx11_nuaa_finalversion1\fbm_win32_nx11_nuaa_finalversion1\application\plangroovemilling.dll
z:\fbm_win32_nx11_nuaa_finalversion1\fbm_win32_nx11_nuaa_finalversion1\application\plangroovemilling.pdb
z:\fbm_win32_nx11_nuaa_finalversion1\fbm_win32_nx11_nuaa_finalversion1\application\plangroovemilling.lib
z:\fbm_win32_nx11_nuaa_finalversion1\fbm_win32_nx11_nuaa_finalversion1\application\plangroovemilling.exp
z:\ug\fbm_win32_nx11_nuaa_finalversion1\fbm\plangroovemilling\x64\debug\planerblindgroovemillingcmd.obj
z:\ug\fbm_win32_nx11_nuaa_finalversion1\fbm\plangroovemilling\x64\debug\plangroovemilling.obj
z:\ug\fbm_win32_nx11_nuaa_finalversion1\fbm\plangroovemilling\x64\debug\vc120.idb
z:\ug\fbm_win32_nx11_nuaa_finalversion1\fbm\plangroovemilling\x64\debug\vc120.pdb
z:\ug\fbm_win32_nx11_nuaa_finalversion1\fbm\plangroovemilling\..\..\application\plangroovemilling.dll
z:\ug\fbm_win32_nx11_nuaa_finalversion1\fbm\plangroovemilling\x64\debug\plangroo.fa9e1925.tlog\cl.command.1.tlog
z:\ug\fbm_win32_nx11_nuaa_finalversion1\fbm\plangroovemilling\x64\debug\plangroo.fa9e1925.tlog\cl.read.1.tlog
z:\ug\fbm_win32_nx11_nuaa_finalversion1\fbm\plangroovemilling\x64\debug\plangroo.fa9e1925.tlog\cl.write.1.tlog
z:\ug\fbm_win32_nx11_nuaa_finalversion1\fbm\plangroovemilling\x64\debug\plangroo.fa9e1925.tlog\link.command.1.tlog
z:\ug\fbm_win32_nx11_nuaa_finalversion1\fbm\plangroovemilling\x64\debug\plangroo.fa9e1925.tlog\link.read.1.tlog
z:\ug\fbm_win32_nx11_nuaa_finalversion1\fbm\plangroovemilling\x64\debug\plangroo.fa9e1925.tlog\link.write.1.tlog
z:\ug\fbm_win32_nx11_nuaa_finalversion1\fbm\plangroovemilling\x64\debug\plangroo.fa9e1925.tlog\plangroovemilling.write.1u.tlog
