生成启动时间为 2024/6/20 15:23:11。
     1>项目“Z:\UG\FBM_Win32_NX11_NUAA_finalversion1\FBM\GroSideMilling\GroSideMilling.vcxproj”在节点 2 上(Rebuild 个目标)。
     1>ClCompile:
         C:\Program Files (x86)\Microsoft Visual Studio 12.0\VC\bin\x86_amd64\CL.exe /c /IZ:\UG\FBM_Win32_NX11_NUAA_finalversion1\FBM\\UserMachiningPublicModule /I"C:\Program Files\Siemens\NX 11.0\ugopenpp" /I"C:\Program Files\Siemens\NX 11.0\ugopen" /Zi /nologo /W3 /WX- /Od /D _CRT_SECURE_NO_WARNINGS /D _SECURE_SCL=0 /D _USRDLL /D _WINDLL /D _MBCS /D _AFXDLL /Gm- /EHsc /MD /GS /fp:precise /Zc:wchar_t /Zc:forScope /GR /Fo"x64\Debug\\" /Fd"x64\Debug\vc120.pdb" /Gd /TP /errorReport:prompt /d1scalableinclude- AnnulusCavityBottomMillingCmd.cpp GroSideMilling.cpp PublicFunctions.cpp
         AnnulusCavityBottomMillingCmd.cpp
     1>AnnulusCavityBottomMillingCmd.cpp(357): warning C4101: “msg”: 未引用的局部变量
     1>AnnulusCavityBottomMillingCmd.cpp(783): warning C4267: “初始化”: 从“size_t”转换到“int”，可能丢失数据
     1>AnnulusCavityBottomMillingCmd.cpp(850): warning C4267: “初始化”: 从“size_t”转换到“int”，可能丢失数据
     1>AnnulusCavityBottomMillingCmd.cpp(856): warning C4267: “初始化”: 从“size_t”转换到“int”，可能丢失数据
     1>AnnulusCavityBottomMillingCmd.cpp(1223): warning C4244: “初始化”: 从“double”转换到“float”，可能丢失数据
     1>AnnulusCavityBottomMillingCmd.cpp(1225): warning C4244: “初始化”: 从“double”转换到“float”，可能丢失数据
     1>AnnulusCavityBottomMillingCmd.cpp(1231): warning C4244: “初始化”: 从“double”转换到“float”，可能丢失数据
     1>AnnulusCavityBottomMillingCmd.cpp(1232): warning C4244: “初始化”: 从“double”转换到“float”，可能丢失数据
     1>AnnulusCavityBottomMillingCmd.cpp(1233): warning C4244: “初始化”: 从“double”转换到“float”，可能丢失数据
     1>AnnulusCavityBottomMillingCmd.cpp(1237): warning C4244: “初始化”: 从“double”转换到“float”，可能丢失数据
     1>AnnulusCavityBottomMillingCmd.cpp(1241): warning C4244: “初始化”: 从“float”转换到“int”，可能丢失数据
     1>AnnulusCavityBottomMillingCmd.cpp(1313): warning C4244: “参数”: 从“double”转换到“int”，可能丢失数据
     1>AnnulusCavityBottomMillingCmd.cpp(1361): warning C4996: 'NXOpen::CAM::NcmScEngRetBuilder::LinearExtensionBuilder': Deprecated in NX9.0.0.  For engage, use CAM::NcmScEngRetBuilder::ExtendBeforeArc.  For retract, use CAM::NcmScEngRetBuilder::ExtendAfterArc.
                 C:\Program Files\Siemens\NX 11.0\ugopen\NXOpen/CAM_NcmScEngRetBuilder.hxx(233) : 参见“NXOpen::CAM::NcmScEngRetBuilder::LinearExtensionBuilder”的声明
     1>AnnulusCavityBottomMillingCmd.cpp(1365): warning C4996: 'NXOpen::CAM::NcmScEngRetBuilder::LinearExtensionBuilder': Deprecated in NX9.0.0.  For engage, use CAM::NcmScEngRetBuilder::ExtendBeforeArc.  For retract, use CAM::NcmScEngRetBuilder::ExtendAfterArc.
                 C:\Program Files\Siemens\NX 11.0\ugopen\NXOpen/CAM_NcmScEngRetBuilder.hxx(233) : 参见“NXOpen::CAM::NcmScEngRetBuilder::LinearExtensionBuilder”的声明
     1>AnnulusCavityBottomMillingCmd.cpp(1368): warning C4996: 'NXOpen::CAM::NcmScEngRetBuilder::LinearExtensionBuilder': Deprecated in NX9.0.0.  For engage, use CAM::NcmScEngRetBuilder::ExtendBeforeArc.  For retract, use CAM::NcmScEngRetBuilder::ExtendAfterArc.
                 C:\Program Files\Siemens\NX 11.0\ugopen\NXOpen/CAM_NcmScEngRetBuilder.hxx(233) : 参见“NXOpen::CAM::NcmScEngRetBuilder::LinearExtensionBuilder”的声明
     1>AnnulusCavityBottomMillingCmd.cpp(1389): warning C4996: 'NXOpen::CAM::NcmScEngRetBuilder::LinearExtensionBuilder': Deprecated in NX9.0.0.  For engage, use CAM::NcmScEngRetBuilder::ExtendBeforeArc.  For retract, use CAM::NcmScEngRetBuilder::ExtendAfterArc.
                 C:\Program Files\Siemens\NX 11.0\ugopen\NXOpen/CAM_NcmScEngRetBuilder.hxx(233) : 参见“NXOpen::CAM::NcmScEngRetBuilder::LinearExtensionBuilder”的声明
     1>AnnulusCavityBottomMillingCmd.cpp(1393): warning C4996: 'NXOpen::CAM::NcmScEngRetBuilder::LinearExtensionBuilder': Deprecated in NX9.0.0.  For engage, use CAM::NcmScEngRetBuilder::ExtendBeforeArc.  For retract, use CAM::NcmScEngRetBuilder::ExtendAfterArc.
                 C:\Program Files\Siemens\NX 11.0\ugopen\NXOpen/CAM_NcmScEngRetBuilder.hxx(233) : 参见“NXOpen::CAM::NcmScEngRetBuilder::LinearExtensionBuilder”的声明
     1>AnnulusCavityBottomMillingCmd.cpp(1396): warning C4996: 'NXOpen::CAM::NcmScEngRetBuilder::LinearExtensionBuilder': Deprecated in NX9.0.0.  For engage, use CAM::NcmScEngRetBuilder::ExtendBeforeArc.  For retract, use CAM::NcmScEngRetBuilder::ExtendAfterArc.
                 C:\Program Files\Siemens\NX 11.0\ugopen\NXOpen/CAM_NcmScEngRetBuilder.hxx(233) : 参见“NXOpen::CAM::NcmScEngRetBuilder::LinearExtensionBuilder”的声明
     1>AnnulusCavityBottomMillingCmd.cpp(1421): warning C4996: 'NXOpen::CAM::NcmScEngRetBuilder::LinearExtensionBuilder': Deprecated in NX9.0.0.  For engage, use CAM::NcmScEngRetBuilder::ExtendBeforeArc.  For retract, use CAM::NcmScEngRetBuilder::ExtendAfterArc.
                 C:\Program Files\Siemens\NX 11.0\ugopen\NXOpen/CAM_NcmScEngRetBuilder.hxx(233) : 参见“NXOpen::CAM::NcmScEngRetBuilder::LinearExtensionBuilder”的声明
     1>AnnulusCavityBottomMillingCmd.cpp(1425): warning C4996: 'NXOpen::CAM::NcmScEngRetBuilder::LinearExtensionBuilder': Deprecated in NX9.0.0.  For engage, use CAM::NcmScEngRetBuilder::ExtendBeforeArc.  For retract, use CAM::NcmScEngRetBuilder::ExtendAfterArc.
                 C:\Program Files\Siemens\NX 11.0\ugopen\NXOpen/CAM_NcmScEngRetBuilder.hxx(233) : 参见“NXOpen::CAM::NcmScEngRetBuilder::LinearExtensionBuilder”的声明
     1>AnnulusCavityBottomMillingCmd.cpp(1428): warning C4996: 'NXOpen::CAM::NcmScEngRetBuilder::LinearExtensionBuilder': Deprecated in NX9.0.0.  For engage, use CAM::NcmScEngRetBuilder::ExtendBeforeArc.  For retract, use CAM::NcmScEngRetBuilder::ExtendAfterArc.
                 C:\Program Files\Siemens\NX 11.0\ugopen\NXOpen/CAM_NcmScEngRetBuilder.hxx(233) : 参见“NXOpen::CAM::NcmScEngRetBuilder::LinearExtensionBuilder”的声明
     1>AnnulusCavityBottomMillingCmd.cpp(1015): warning C4101: “b”: 未引用的局部变量
     1>AnnulusCavityBottomMillingCmd.cpp(1117): warning C4101: “EdgeManager”: 未引用的局部变量
         GroSideMilling.cpp
     1>z:\ug\fbm_win32_nx11_nuaa_finalversion1\fbm\grosidemilling\GroSideMilling.hpp(99): warning C4251: “GroSideMilling::AllFaces”: class“std::vector<NXOpen::Face *,std::allocator<_Ty>>”需要有 dll 接口由 class“GroSideMilling”的客户端使用
                 with
                 [
                     _Ty=NXOpen::Face *
                 ]
     1>z:\ug\fbm_win32_nx11_nuaa_finalversion1\fbm\grosidemilling\GroSideMilling.hpp(100): warning C4251: “GroSideMilling::ListOfCavity_Hu”: class“std::vector<ArcCavity *,std::allocator<_Ty>>”需要有 dll 接口由 class“GroSideMilling”的客户端使用
                 with
                 [
                     _Ty=ArcCavity *
                 ]
     1>z:\ug\fbm_win32_nx11_nuaa_finalversion1\fbm\grosidemilling\GroSideMilling.hpp(101): warning C4251: “GroSideMilling::ListOfCavity_Huanout”: class“std::vector<AnnulusCavity *,std::allocator<_Ty>>”需要有 dll 接口由 class“GroSideMilling”的客户端使用
                 with
                 [
                     _Ty=AnnulusCavity *
                 ]
     1>z:\ug\fbm_win32_nx11_nuaa_finalversion1\fbm\grosidemilling\GroSideMilling.hpp(102): warning C4251: “GroSideMilling::ListOfCavity_Huanin”: class“std::vector<AnnulusCavity *,std::allocator<_Ty>>”需要有 dll 接口由 class“GroSideMilling”的客户端使用
                 with
                 [
                     _Ty=AnnulusCavity *
                 ]
     1>z:\ug\fbm_win32_nx11_nuaa_finalversion1\fbm\grosidemilling\GroSideMilling.hpp(103): warning C4251: “GroSideMilling::ListOfCavity_Huan”: class“std::vector<AnnulusCavity *,std::allocator<_Ty>>”需要有 dll 接口由 class“GroSideMilling”的客户端使用
                 with
                 [
                     _Ty=AnnulusCavity *
                 ]
     1>z:\ug\fbm_win32_nx11_nuaa_finalversion1\fbm\grosidemilling\GroSideMilling.hpp(105): warning C4251: “GroSideMilling::ListOfBoss”: class“std::vector<Boss *,std::allocator<_Ty>>”需要有 dll 接口由 class“GroSideMilling”的客户端使用
                 with
                 [
                     _Ty=Boss *
                 ]
     1>z:\ug\fbm_win32_nx11_nuaa_finalversion1\fbm\grosidemilling\GroSideMilling.hpp(110): warning C4251: “GroSideMilling::SelectedCavityBottomFaceList”: class“std::vector<NXOpen::Face *,std::allocator<_Ty>>”需要有 dll 接口由 class“GroSideMilling”的客户端使用
                 with
                 [
                     _Ty=NXOpen::Face *
                 ]
     1>z:\ug\fbm_win32_nx11_nuaa_finalversion1\fbm\grosidemilling\GroSideMilling.hpp(111): warning C4251: “GroSideMilling::CavityBottomFaceFaceList”: class“std::vector<NXOpen::Face *,std::allocator<_Ty>>”需要有 dll 接口由 class“GroSideMilling”的客户端使用
                 with
                 [
                     _Ty=NXOpen::Face *
                 ]
     1>z:\ug\fbm_win32_nx11_nuaa_finalversion1\fbm\grosidemilling\GroSideMilling.hpp(113): warning C4251: “GroSideMilling::ProgramMembers”: class“std::vector<NXOpen::CAM::CAMObject *,std::allocator<_Ty>>”需要有 dll 接口由 class“GroSideMilling”的客户端使用
                 with
                 [
                     _Ty=NXOpen::CAM::CAMObject *
                 ]
     1>z:\ug\fbm_win32_nx11_nuaa_finalversion1\fbm\grosidemilling\GroSideMilling.hpp(114): warning C4251: “GroSideMilling::ProgramStringList”: class“std::vector<NXOpen::NXString,std::allocator<_Ty>>”需要有 dll 接口由 class“GroSideMilling”的客户端使用
                 with
                 [
                     _Ty=NXOpen::NXString
                 ]
     1>z:\ug\fbm_win32_nx11_nuaa_finalversion1\fbm\grosidemilling\GroSideMilling.hpp(115): warning C4251: “GroSideMilling::ToolMembers”: class“std::vector<NXOpen::CAM::CAMObject *,std::allocator<_Ty>>”需要有 dll 接口由 class“GroSideMilling”的客户端使用
                 with
                 [
                     _Ty=NXOpen::CAM::CAMObject *
                 ]
     1>z:\ug\fbm_win32_nx11_nuaa_finalversion1\fbm\grosidemilling\GroSideMilling.hpp(116): warning C4251: “GroSideMilling::ToolStringList”: class“std::vector<NXOpen::NXString,std::allocator<_Ty>>”需要有 dll 接口由 class“GroSideMilling”的客户端使用
                 with
                 [
                     _Ty=NXOpen::NXString
                 ]
     1>z:\ug\fbm_win32_nx11_nuaa_finalversion1\fbm\grosidemilling\GroSideMilling.hpp(117): warning C4251: “GroSideMilling::MCSMembers”: class“std::vector<NXOpen::CAM::CAMObject *,std::allocator<_Ty>>”需要有 dll 接口由 class“GroSideMilling”的客户端使用
                 with
                 [
                     _Ty=NXOpen::CAM::CAMObject *
                 ]
     1>z:\ug\fbm_win32_nx11_nuaa_finalversion1\fbm\grosidemilling\GroSideMilling.hpp(118): warning C4251: “GroSideMilling::MCSStringList”: class“std::vector<NXOpen::NXString,std::allocator<_Ty>>”需要有 dll 接口由 class“GroSideMilling”的客户端使用
                 with
                 [
                     _Ty=NXOpen::NXString
                 ]
     1>z:\ug\fbm_win32_nx11_nuaa_finalversion1\fbm\grosidemilling\GroSideMilling.hpp(119): warning C4251: “GroSideMilling::MethodMembers”: class“std::vector<NXOpen::CAM::CAMObject *,std::allocator<_Ty>>”需要有 dll 接口由 class“GroSideMilling”的客户端使用
                 with
                 [
                     _Ty=NXOpen::CAM::CAMObject *
                 ]
     1>z:\ug\fbm_win32_nx11_nuaa_finalversion1\fbm\grosidemilling\GroSideMilling.hpp(120): warning C4251: “GroSideMilling::MethodStringList”: class“std::vector<NXOpen::NXString,std::allocator<_Ty>>”需要有 dll 接口由 class“GroSideMilling”的客户端使用
                 with
                 [
                     _Ty=NXOpen::NXString
                 ]
     1>GroSideMilling.cpp(65): warning C4101: “ex”: 未引用的局部变量
     1>GroSideMilling.cpp(441): warning C4267: “初始化”: 从“size_t”转换到“int”，可能丢失数据
     1>GroSideMilling.cpp(867): warning C4244: “=”: 从“double”转换到“int”，可能丢失数据
     1>GroSideMilling.cpp(998): warning C4267: “初始化”: 从“size_t”转换到“int”，可能丢失数据
     1>GroSideMilling.cpp(1013): warning C4267: “初始化”: 从“size_t”转换到“int”，可能丢失数据
     1>GroSideMilling.cpp(1028): warning C4267: “初始化”: 从“size_t”转换到“int”，可能丢失数据
     1>GroSideMilling.cpp(1045): warning C4267: “初始化”: 从“size_t”转换到“int”，可能丢失数据
         PublicFunctions.cpp
     1>PublicFunctions.cpp(60): warning C4267: “初始化”: 从“size_t”转换到“int”，可能丢失数据
     1>PublicFunctions.cpp(92): warning C4101: “msg”: 未引用的局部变量
     1>PublicFunctions.cpp(136): warning C4101: “msg”: 未引用的局部变量
     1>PublicFunctions.cpp(205): warning C4101: “msg”: 未引用的局部变量
     1>PublicFunctions.cpp(362): warning C4267: “初始化”: 从“size_t”转换到“int”，可能丢失数据
     1>PublicFunctions.cpp(402): warning C4267: “初始化”: 从“size_t”转换到“int”，可能丢失数据
     1>PublicFunctions.cpp(403): warning C4267: “初始化”: 从“size_t”转换到“int”，可能丢失数据
     1>PublicFunctions.cpp(530): warning C4244: “初始化”: 从“double”转换到“int”，可能丢失数据
     1>PublicFunctions.cpp(1019): warning C4244: “初始化”: 从“double”转换到“int”，可能丢失数据
     1>PublicFunctions.cpp(1082): warning C4244: “初始化”: 从“double”转换到“int”，可能丢失数据
     1>PublicFunctions.cpp(1038): warning C4101: “new_point_parameter2”: 未引用的局部变量
     1>PublicFunctions.cpp(773): warning C4101: “intersectCurveManager”: 未引用的局部变量
     1>PublicFunctions.cpp(850): warning C4101: “intersectCurveManager”: 未引用的局部变量
     1>PublicFunctions.cpp(1695): warning C4101: “ref_pnt”: 未引用的局部变量
     1>PublicFunctions.cpp(1768): warning C4267: “=”: 从“size_t”转换到“int”，可能丢失数据
     1>PublicFunctions.cpp(1750): warning C4101: “CurveManager”: 未引用的局部变量
     1>PublicFunctions.cpp(1900): warning C4101: “EdgeManager”: 未引用的局部变量
     1>PublicFunctions.cpp(1951): warning C4101: “msg”: 未引用的局部变量
     1>PublicFunctions.cpp(2018): warning C4101: “msg”: 未引用的局部变量
     1>PublicFunctions.cpp(2239): warning C4267: “初始化”: 从“size_t”转换到“int”，可能丢失数据
     1>PublicFunctions.cpp(2261): warning C4267: “=”: 从“size_t”转换到“int”，可能丢失数据
     1>PublicFunctions.cpp(2323): warning C4101: “CurveManager”: 未引用的局部变量
     1>PublicFunctions.cpp(2378): warning C4267: “=”: 从“size_t”转换到“int”，可能丢失数据
     1>PublicFunctions.cpp(2387): warning C4101: “CurveManager”: 未引用的局部变量
     1>PublicFunctions.cpp(2361): warning C4101: “CurveManager”: 未引用的局部变量
     1>PublicFunctions.cpp(2449): warning C4267: “初始化”: 从“size_t”转换到“int”，可能丢失数据
     1>PublicFunctions.cpp(2698): warning C4267: “初始化”: 从“size_t”转换到“int”，可能丢失数据
     1>PublicFunctions.cpp(2724): warning C4267: “=”: 从“size_t”转换到“int”，可能丢失数据
     1>PublicFunctions.cpp(2797): warning C4101: “EdgeManager”: 未引用的局部变量
     1>PublicFunctions.cpp(3718): warning C4101: “EdgeManager”: 未引用的局部变量
         正在生成代码...
     1>z:\ug\fbm_win32_nx11_nuaa_finalversion1\fbm\grosidemilling\publicfunctions.cpp(3535): warning C4715: “Get_RightAndWrong_Edge_FromCylinder”: 不是所有的控件路径都返回值
       Link:
         C:\Program Files (x86)\Microsoft Visual Studio 12.0\VC\bin\x86_amd64\link.exe /ERRORREPORT:PROMPT /OUT:"..\..\Application\GroSideMilling.dll" /INCREMENTAL:NO /NOLOGO /LIBPATH:Z:\UG\FBM_Win32_NX11_NUAA_finalversion1\FBM\\UserMachiningPublicModule /LIBPATH:"C:\Program Files\Siemens\NX 11.0\ugopenpp" /LIBPATH:"C:\Program Files\Siemens\NX 11.0\ugopen" libameopencpp.lib libmfgmlpopencpp.lib libnxopencpp.lib libnxopencpp_annotations.lib libnxopencpp_assemblies.lib libnxopencpp_bodydes.lib libnxopencpp_cae.lib libnxopencpp_cam.lib libnxopencpp_diagramming.lib libnxopencpp_die.lib libnxopencpp_display.lib libnxopencpp_drafting.lib libnxopencpp_drawings.lib libnxopencpp_facet.lib libnxopencpp_features.lib libnxopencpp_fields.lib libnxopencpp_formboard.lib libnxopencpp_gateway.lib libnxopencpp_geometricanalysis.lib libnxopencpp_geometricutilities.lib libnxopencpp_issue.lib libnxopencpp_layer.lib libnxopencpp_layout2d.lib libnxopencpp_markup.lib libnxopencpp_mechanicalrouting.lib libnxopencpp_mechatronics.lib libnxopencpp_mfg.lib libnxopencpp_modldirect.lib libnxopencpp_motion.lib libnxopencpp_openxml.lib libnxopencpp_optimization.lib libnxopencpp_options.lib libnxopencpp_partfamily.lib libnxopencpp_pdm.lib libnxopencpp_physmat.lib libnxopencpp_placement.lib libnxopencpp_plas.lib libnxopencpp_positioning.lib libnxopencpp_preferences.lib libnxopencpp_report.lib libnxopencpp_routing.lib libnxopencpp_shapesearch.lib libnxopencpp_sheetmetal.lib libnxopencpp_shipdesign.lib libnxopencpp_sim.lib libnxopencpp_tooling.lib libnxopencpp_userdefinedobjects.lib libnxopencpp_userdefinedtemplate.lib libnxopencpp_validate.lib libnxopencpp_visualreporting.lib libnxopencpp_weld.lib libnxopenjava_markup.lib libnxopenuicpp.lib libopenintpp.lib libopenpp.lib libufun.lib libufun_cae.lib libufun_cam.lib libufun_die.lib libufun_vdac.lib libufun_weld.lib libugopenint.lib libugopenint_cae.lib libugopenint_cam.lib libvmathpp.lib /MANIFEST /MANIFESTUAC:"level='asInvoker' uiAccess='false'" /manifest:embed /manifestinput:"C:\Program Files (x86)\Microsoft Visual Studio 12.0\VC\Include\Manifest\dpiaware.manifest" /PDB:"..\..\Application\GroSideMilling.pdb" /TLBID:1 /DYNAMICBASE /NXCOMPAT /IMPLIB:"..\..\Application\/GroSideMilling.lib" /MACHINE:X64 /DLL x64\Debug\AnnulusCavityBottomMillingCmd.obj
         x64\Debug\GroSideMilling.obj
         x64\Debug\PublicFunctions.obj
            正在创建库 ..\..\Application\/GroSideMilling.lib 和对象 ..\..\Application\/GroSideMilling.exp
         GroSideMilling.vcxproj -> Z:\UG\FBM_Win32_NX11_NUAA_finalversion1\FBM\GroSideMilling\..\..\Application\GroSideMilling.dll
     1>已完成生成项目“Z:\UG\FBM_Win32_NX11_NUAA_finalversion1\FBM\GroSideMilling\GroSideMilling.vcxproj”(Rebuild 个目标)的操作。

生成成功。

已用时间 00:00:08.80
