z:\fbm_win32_nx11_nuaa_finalversion\fbm_win32_nx11_nuaa_finalversion\application\bosssidemilling.lib
z:\fbm_win32_nx11_nuaa_finalversion\fbm_win32_nx11_nuaa_finalversion\application\bosssidemilling.exp
z:\fbm_win32_nx11_nuaa_finalversion\fbm_win32_nx11_nuaa_finalversion\fbm\bosssidemilling\x64\debug\vc120.pdb
z:\fbm_win32_nx11_nuaa_finalversion\fbm_win32_nx11_nuaa_finalversion\fbm\bosssidemilling\x64\debug\vc120.idb
z:\fbm_win32_nx11_nuaa_finalversion\fbm_win32_nx11_nuaa_finalversion\fbm\bosssidemilling\x64\debug\bosssidemilling.obj
z:\fbm_win32_nx11_nuaa_finalversion\fbm_win32_nx11_nuaa_finalversion\fbm\bosssidemilling\x64\debug\dlbosssidemillingcmd.obj
z:\fbm_win32_nx11_nuaa_finalversion\fbm_win32_nx11_nuaa_finalversion\fbm\bosssidemilling\x64\debug\nbosssidemillingcmd.obj
z:\fbm_win32_nx11_nuaa_finalversion\fbm_win32_nx11_nuaa_finalversion\application\bosssidemilling.ilk
z:\fbm_win32_nx11_nuaa_finalversion\fbm_win32_nx11_nuaa_finalversion\application\bosssidemilling.dll
z:\fbm_win32_nx11_nuaa_finalversion\fbm_win32_nx11_nuaa_finalversion\application\bosssidemilling.pdb
z:\fbm_win32_nx11_nuaa_finalversion-xiangmu\fbm_win32_nx11_nuaa_finalversion\fbm\bosssidemilling\x64\debug\bosssidemilling.obj
z:\fbm_win32_nx11_nuaa_finalversion-xiangmu\fbm_win32_nx11_nuaa_finalversion\fbm\bosssidemilling\x64\debug\dlbosssidemillingcmd.obj
z:\fbm_win32_nx11_nuaa_finalversion-xiangmu\fbm_win32_nx11_nuaa_finalversion\fbm\bosssidemilling\x64\debug\nbosssidemillingcmd.obj
z:\fbm_win32_nx11_nuaa_finalversion-xiangmu\fbm_win32_nx11_nuaa_finalversion\fbm\bosssidemilling\x64\debug\vc120.idb
z:\fbm_win32_nx11_nuaa_finalversion-xiangmu\fbm_win32_nx11_nuaa_finalversion\fbm\bosssidemilling\x64\debug\vc120.pdb
z:\fbm_win32_nx11_nuaa_finalversion-xiangmu\fbm_win32_nx11_nuaa_finalversion\fbm\bosssidemilling\..\..\application\bosssidemilling.dll
z:\fbm_win32_nx11_nuaa_finalversion-xiangmu\fbm_win32_nx11_nuaa_finalversion\fbm\bosssidemilling\x64\debug\bosssidemilling.tlog\bosssidemilling.write.1u.tlog
z:\fbm_win32_nx11_nuaa_finalversion-xiangmu\fbm_win32_nx11_nuaa_finalversion\fbm\bosssidemilling\x64\debug\bosssidemilling.tlog\cl.command.1.tlog
z:\fbm_win32_nx11_nuaa_finalversion-xiangmu\fbm_win32_nx11_nuaa_finalversion\fbm\bosssidemilling\x64\debug\bosssidemilling.tlog\cl.read.1.tlog
z:\fbm_win32_nx11_nuaa_finalversion-xiangmu\fbm_win32_nx11_nuaa_finalversion\fbm\bosssidemilling\x64\debug\bosssidemilling.tlog\cl.write.1.tlog
z:\fbm_win32_nx11_nuaa_finalversion-xiangmu\fbm_win32_nx11_nuaa_finalversion\fbm\bosssidemilling\x64\debug\bosssidemilling.tlog\link.command.1.tlog
z:\fbm_win32_nx11_nuaa_finalversion-xiangmu\fbm_win32_nx11_nuaa_finalversion\fbm\bosssidemilling\x64\debug\bosssidemilling.tlog\link.read.1.tlog
z:\fbm_win32_nx11_nuaa_finalversion-xiangmu\fbm_win32_nx11_nuaa_finalversion\fbm\bosssidemilling\x64\debug\bosssidemilling.tlog\link.write.1.tlog
