生成启动时间为 2024/10/6 11:17:48。
项目“Z:\FBM_Win32_NX11_NUAA_finalversion-xiangmu\FBM_Win32_NX11_NUAA_finalversion\FBM\FeatureSpy\FeatureSpy.vcxproj”在节点 2 上(Rebuild 个目标)。
ClCompile:
  C:\Program Files (x86)\Microsoft Visual Studio 12.0\VC\bin\x86_amd64\CL.exe /c /I"Z:\FBM_Win32_NX11_NUAA_finalversion-xiangmu\FBM_Win32_NX11_NUAA_finalversion\FBM\\UserMachiningPublicModule" /I"C:\Program Files\Siemens\NX 11.0\ugopenpp" /I"C:\Program Files\Siemens\NX 11.0\ugopen" /Zi /nologo /W3 /WX- /Od /D _CRT_SECURE_NO_WARNINGS /D _SECURE_SCL=0 /D _USRDLL /D _WINDLL /D _MBCS /D _AFXDLL /Gm /EHsc /RTC1 /MD /GS /fp:precise /Zc:wchar_t /Zc:forScope /GR /Fo"x64\Debug\\" /Fd"x64\Debug\vc120.pdb" /Gd /TP /errorReport:prompt /d1scalableinclude- FeatureSpy.cpp interaction.cpp SpyFunctions.cpp xml.cpp
  xml.cpp
xml.cpp(557): warning C4267: “初始化”: 从“size_t”转换到“int”，可能丢失数据
xml.cpp(585): warning C4267: “初始化”: 从“size_t”转换到“int”，可能丢失数据
xml.cpp(623): warning C4267: “初始化”: 从“size_t”转换到“int”，可能丢失数据
xml.cpp(699): warning C4267: “初始化”: 从“size_t”转换到“int”，可能丢失数据
xml.cpp(733): warning C4267: “初始化”: 从“size_t”转换到“int”，可能丢失数据
xml.cpp(761): warning C4267: “初始化”: 从“size_t”转换到“int”，可能丢失数据
xml.cpp(799): warning C4267: “初始化”: 从“size_t”转换到“int”，可能丢失数据
xml.cpp(837): warning C4267: “初始化”: 从“size_t”转换到“int”，可能丢失数据
xml.cpp(875): warning C4267: “初始化”: 从“size_t”转换到“int”，可能丢失数据
xml.cpp(919): warning C4267: “初始化”: 从“size_t”转换到“int”，可能丢失数据
xml.cpp(947): warning C4267: “初始化”: 从“size_t”转换到“int”，可能丢失数据
xml.cpp(985): warning C4267: “初始化”: 从“size_t”转换到“int”，可能丢失数据
xml.cpp(1061): warning C4267: “初始化”: 从“size_t”转换到“int”，可能丢失数据
xml.cpp(1094): warning C4267: “初始化”: 从“size_t”转换到“int”，可能丢失数据
xml.cpp(1122): warning C4267: “初始化”: 从“size_t”转换到“int”，可能丢失数据
xml.cpp(1160): warning C4267: “初始化”: 从“size_t”转换到“int”，可能丢失数据
xml.cpp(1198): warning C4267: “初始化”: 从“size_t”转换到“int”，可能丢失数据
xml.cpp(1236): warning C4267: “初始化”: 从“size_t”转换到“int”，可能丢失数据
xml.cpp(1279): warning C4267: “初始化”: 从“size_t”转换到“int”，可能丢失数据
xml.cpp(1319): warning C4267: “初始化”: 从“size_t”转换到“int”，可能丢失数据
xml.cpp(1357): warning C4267: “初始化”: 从“size_t”转换到“int”，可能丢失数据
xml.cpp(1395): warning C4267: “初始化”: 从“size_t”转换到“int”，可能丢失数据
xml.cpp(1433): warning C4267: “初始化”: 从“size_t”转换到“int”，可能丢失数据
xml.cpp(1470): warning C4267: “初始化”: 从“size_t”转换到“int”，可能丢失数据
xml.cpp(1508): warning C4267: “初始化”: 从“size_t”转换到“int”，可能丢失数据
xml.cpp(1538): warning C4267: “初始化”: 从“size_t”转换到“int”，可能丢失数据
xml.cpp(1578): warning C4267: “初始化”: 从“size_t”转换到“int”，可能丢失数据
xml.cpp(1616): warning C4267: “初始化”: 从“size_t”转换到“int”，可能丢失数据
xml.cpp(1646): warning C4267: “初始化”: 从“size_t”转换到“int”，可能丢失数据
xml.cpp(1686): warning C4267: “初始化”: 从“size_t”转换到“int”，可能丢失数据
xml.cpp(1724): warning C4267: “初始化”: 从“size_t”转换到“int”，可能丢失数据
xml.cpp(1762): warning C4267: “初始化”: 从“size_t”转换到“int”，可能丢失数据
xml.cpp(1904): warning C4267: “初始化”: 从“size_t”转换到“int”，可能丢失数据
xml.cpp(1932): warning C4267: “初始化”: 从“size_t”转换到“int”，可能丢失数据
xml.cpp(1970): warning C4267: “初始化”: 从“size_t”转换到“int”，可能丢失数据
xml.cpp(2046): warning C4267: “初始化”: 从“size_t”转换到“int”，可能丢失数据
xml.cpp(2079): warning C4267: “初始化”: 从“size_t”转换到“int”，可能丢失数据
xml.cpp(2107): warning C4267: “初始化”: 从“size_t”转换到“int”，可能丢失数据
xml.cpp(2145): warning C4267: “初始化”: 从“size_t”转换到“int”，可能丢失数据
xml.cpp(2221): warning C4267: “初始化”: 从“size_t”转换到“int”，可能丢失数据
xml.cpp(2254): warning C4267: “初始化”: 从“size_t”转换到“int”，可能丢失数据
xml.cpp(2282): warning C4267: “初始化”: 从“size_t”转换到“int”，可能丢失数据
xml.cpp(2320): warning C4267: “初始化”: 从“size_t”转换到“int”，可能丢失数据
xml.cpp(2429): warning C4267: “初始化”: 从“size_t”转换到“int”，可能丢失数据
xml.cpp(2457): warning C4267: “初始化”: 从“size_t”转换到“int”，可能丢失数据
xml.cpp(2494): warning C4267: “初始化”: 从“size_t”转换到“int”，可能丢失数据
xml.cpp(2532): warning C4267: “初始化”: 从“size_t”转换到“int”，可能丢失数据
xml.cpp(2605): warning C4267: “初始化”: 从“size_t”转换到“int”，可能丢失数据
xml.cpp(2633): warning C4267: “初始化”: 从“size_t”转换到“int”，可能丢失数据
xml.cpp(2670): warning C4267: “初始化”: 从“size_t”转换到“int”，可能丢失数据
xml.cpp(2708): warning C4267: “初始化”: 从“size_t”转换到“int”，可能丢失数据
xml.cpp(2748): warning C4267: “初始化”: 从“size_t”转换到“int”，可能丢失数据
xml.cpp(2790): warning C4267: “初始化”: 从“size_t”转换到“int”，可能丢失数据
xml.cpp(2818): warning C4267: “初始化”: 从“size_t”转换到“int”，可能丢失数据
xml.cpp(2856): warning C4267: “初始化”: 从“size_t”转换到“int”，可能丢失数据
xml.cpp(2886): warning C4267: “初始化”: 从“size_t”转换到“int”，可能丢失数据
xml.cpp(2914): warning C4267: “初始化”: 从“size_t”转换到“int”，可能丢失数据
xml.cpp(2952): warning C4267: “初始化”: 从“size_t”转换到“int”，可能丢失数据
xml.cpp(3028): warning C4267: “初始化”: 从“size_t”转换到“int”，可能丢失数据
xml.cpp(3061): warning C4267: “初始化”: 从“size_t”转换到“int”，可能丢失数据
xml.cpp(3089): warning C4267: “初始化”: 从“size_t”转换到“int”，可能丢失数据
xml.cpp(3127): warning C4267: “初始化”: 从“size_t”转换到“int”，可能丢失数据
xml.cpp(3165): warning C4267: “初始化”: 从“size_t”转换到“int”，可能丢失数据
xml.cpp(3241): warning C4267: “初始化”: 从“size_t”转换到“int”，可能丢失数据
xml.cpp(3270): warning C4267: “初始化”: 从“size_t”转换到“int”，可能丢失数据
xml.cpp(3298): warning C4267: “初始化”: 从“size_t”转换到“int”，可能丢失数据
xml.cpp(3373): warning C4267: “初始化”: 从“size_t”转换到“int”，可能丢失数据
xml.cpp(3449): warning C4267: “初始化”: 从“size_t”转换到“int”，可能丢失数据
xml.cpp(3478): warning C4267: “初始化”: 从“size_t”转换到“int”，可能丢失数据
xml.cpp(3506): warning C4267: “初始化”: 从“size_t”转换到“int”，可能丢失数据
xml.cpp(3581): warning C4267: “初始化”: 从“size_t”转换到“int”，可能丢失数据
xml.cpp(3657): warning C4267: “初始化”: 从“size_t”转换到“int”，可能丢失数据
xml.cpp(3686): warning C4267: “初始化”: 从“size_t”转换到“int”，可能丢失数据
xml.cpp(3714): warning C4267: “初始化”: 从“size_t”转换到“int”，可能丢失数据
xml.cpp(3751): warning C4267: “初始化”: 从“size_t”转换到“int”，可能丢失数据
xml.cpp(3789): warning C4267: “初始化”: 从“size_t”转换到“int”，可能丢失数据
xml.cpp(3827): warning C4267: “初始化”: 从“size_t”转换到“int”，可能丢失数据
xml.cpp(3865): warning C4267: “初始化”: 从“size_t”转换到“int”，可能丢失数据
xml.cpp(3904): warning C4267: “初始化”: 从“size_t”转换到“int”，可能丢失数据
xml.cpp(3934): warning C4267: “初始化”: 从“size_t”转换到“int”，可能丢失数据
xml.cpp(3962): warning C4267: “初始化”: 从“size_t”转换到“int”，可能丢失数据
xml.cpp(3999): warning C4267: “初始化”: 从“size_t”转换到“int”，可能丢失数据
xml.cpp(4037): warning C4267: “初始化”: 从“size_t”转换到“int”，可能丢失数据
xml.cpp(4075): warning C4267: “初始化”: 从“size_t”转换到“int”，可能丢失数据
xml.cpp(4113): warning C4267: “初始化”: 从“size_t”转换到“int”，可能丢失数据
xml.cpp(4152): warning C4267: “初始化”: 从“size_t”转换到“int”，可能丢失数据
xml.cpp(4182): warning C4267: “初始化”: 从“size_t”转换到“int”，可能丢失数据
xml.cpp(4210): warning C4267: “初始化”: 从“size_t”转换到“int”，可能丢失数据
xml.cpp(4323): warning C4267: “初始化”: 从“size_t”转换到“int”，可能丢失数据
xml.cpp(4400): warning C4267: “初始化”: 从“size_t”转换到“int”，可能丢失数据
xml.cpp(4430): warning C4267: “初始化”: 从“size_t”转换到“int”，可能丢失数据
xml.cpp(4458): warning C4267: “初始化”: 从“size_t”转换到“int”，可能丢失数据
xml.cpp(4571): warning C4267: “初始化”: 从“size_t”转换到“int”，可能丢失数据
xml.cpp(4609): warning C4267: “初始化”: 从“size_t”转换到“int”，可能丢失数据
xml.cpp(4648): warning C4267: “初始化”: 从“size_t”转换到“int”，可能丢失数据
xml.cpp(4678): warning C4267: “初始化”: 从“size_t”转换到“int”，可能丢失数据
xml.cpp(4706): warning C4267: “初始化”: 从“size_t”转换到“int”，可能丢失数据
xml.cpp(4743): warning C4267: “初始化”: 从“size_t”转换到“int”，可能丢失数据
xml.cpp(4819): warning C4267: “初始化”: 从“size_t”转换到“int”，可能丢失数据
xml.cpp(4896): warning C4267: “初始化”: 从“size_t”转换到“int”，可能丢失数据
xml.cpp(4926): warning C4267: “初始化”: 从“size_t”转换到“int”，可能丢失数据
xml.cpp(4954): warning C4267: “初始化”: 从“size_t”转换到“int”，可能丢失数据
xml.cpp(4991): warning C4267: “初始化”: 从“size_t”转换到“int”，可能丢失数据
xml.cpp(5029): warning C4267: “初始化”: 从“size_t”转换到“int”，可能丢失数据
xml.cpp(5067): warning C4267: “初始化”: 从“size_t”转换到“int”，可能丢失数据
xml.cpp(5144): warning C4267: “初始化”: 从“size_t”转换到“int”，可能丢失数据
xml.cpp(5174): warning C4267: “初始化”: 从“size_t”转换到“int”，可能丢失数据
xml.cpp(5202): warning C4267: “初始化”: 从“size_t”转换到“int”，可能丢失数据
xml.cpp(5239): warning C4267: “初始化”: 从“size_t”转换到“int”，可能丢失数据
xml.cpp(5277): warning C4267: “初始化”: 从“size_t”转换到“int”，可能丢失数据
xml.cpp(5315): warning C4267: “初始化”: 从“size_t”转换到“int”，可能丢失数据
xml.cpp(5392): warning C4267: “初始化”: 从“size_t”转换到“int”，可能丢失数据
xml.cpp(5422): warning C4267: “初始化”: 从“size_t”转换到“int”，可能丢失数据
xml.cpp(5450): warning C4267: “初始化”: 从“size_t”转换到“int”，可能丢失数据
xml.cpp(5487): warning C4267: “初始化”: 从“size_t”转换到“int”，可能丢失数据
xml.cpp(5525): warning C4267: “初始化”: 从“size_t”转换到“int”，可能丢失数据
xml.cpp(5563): warning C4267: “初始化”: 从“size_t”转换到“int”，可能丢失数据
xml.cpp(5640): warning C4267: “初始化”: 从“size_t”转换到“int”，可能丢失数据
xml.cpp(5670): warning C4267: “初始化”: 从“size_t”转换到“int”，可能丢失数据
xml.cpp(5698): warning C4267: “初始化”: 从“size_t”转换到“int”，可能丢失数据
xml.cpp(5735): warning C4267: “初始化”: 从“size_t”转换到“int”，可能丢失数据
xml.cpp(5773): warning C4267: “初始化”: 从“size_t”转换到“int”，可能丢失数据
xml.cpp(5811): warning C4267: “初始化”: 从“size_t”转换到“int”，可能丢失数据
xml.cpp(5849): warning C4267: “初始化”: 从“size_t”转换到“int”，可能丢失数据
xml.cpp(5888): warning C4267: “初始化”: 从“size_t”转换到“int”，可能丢失数据
xml.cpp(5918): warning C4267: “初始化”: 从“size_t”转换到“int”，可能丢失数据
xml.cpp(5946): warning C4267: “初始化”: 从“size_t”转换到“int”，可能丢失数据
xml.cpp(5983): warning C4267: “初始化”: 从“size_t”转换到“int”，可能丢失数据
xml.cpp(6021): warning C4267: “初始化”: 从“size_t”转换到“int”，可能丢失数据
xml.cpp(6060): warning C4267: “初始化”: 从“size_t”转换到“int”，可能丢失数据
xml.cpp(6138): warning C4267: “初始化”: 从“size_t”转换到“int”，可能丢失数据
xml.cpp(6168): warning C4267: “初始化”: 从“size_t”转换到“int”，可能丢失数据
xml.cpp(6196): warning C4267: “初始化”: 从“size_t”转换到“int”，可能丢失数据
xml.cpp(6233): warning C4267: “初始化”: 从“size_t”转换到“int”，可能丢失数据
xml.cpp(6271): warning C4267: “初始化”: 从“size_t”转换到“int”，可能丢失数据
xml.cpp(6310): warning C4267: “初始化”: 从“size_t”转换到“int”，可能丢失数据
xml.cpp(6388): warning C4267: “初始化”: 从“size_t”转换到“int”，可能丢失数据
xml.cpp(6418): warning C4267: “初始化”: 从“size_t”转换到“int”，可能丢失数据
xml.cpp(6446): warning C4267: “初始化”: 从“size_t”转换到“int”，可能丢失数据
xml.cpp(6483): warning C4267: “初始化”: 从“size_t”转换到“int”，可能丢失数据
xml.cpp(6521): warning C4267: “初始化”: 从“size_t”转换到“int”，可能丢失数据
xml.cpp(6560): warning C4267: “初始化”: 从“size_t”转换到“int”，可能丢失数据
xml.cpp(6599): warning C4267: “初始化”: 从“size_t”转换到“int”，可能丢失数据
xml.cpp(6640): warning C4267: “初始化”: 从“size_t”转换到“int”，可能丢失数据
xml.cpp(6670): warning C4267: “初始化”: 从“size_t”转换到“int”，可能丢失数据
xml.cpp(6698): warning C4267: “初始化”: 从“size_t”转换到“int”，可能丢失数据
xml.cpp(6735): warning C4267: “初始化”: 从“size_t”转换到“int”，可能丢失数据
xml.cpp(6892): warning C4267: “初始化”: 从“size_t”转换到“int”，可能丢失数据
xml.cpp(6922): warning C4267: “初始化”: 从“size_t”转换到“int”，可能丢失数据
xml.cpp(6950): warning C4267: “初始化”: 从“size_t”转换到“int”，可能丢失数据
xml.cpp(6988): warning C4267: “初始化”: 从“size_t”转换到“int”，可能丢失数据
xml.cpp(7027): warning C4267: “初始化”: 从“size_t”转换到“int”，可能丢失数据
xml.cpp(7148): warning C4267: “初始化”: 从“size_t”转换到“int”，可能丢失数据
  SpyFunctions.cpp
SpyFunctions.cpp(228): warning C4101: “ex”: 未引用的局部变量
SpyFunctions.cpp(463): warning C4101: “ex”: 未引用的局部变量
SpyFunctions.cpp(1104): warning C4101: “TopFace”: 未引用的局部变量
SpyFunctions.cpp(1104): warning C4101: “BottomFace”: 未引用的局部变量
SpyFunctions.cpp(2141): warning C4101: “distance2”: 未引用的局部变量
SpyFunctions.cpp(2141): warning C4101: “distance1”: 未引用的局部变量
SpyFunctions.cpp(2175): warning C4101: “distance2”: 未引用的局部变量
SpyFunctions.cpp(2175): warning C4101: “distance1”: 未引用的局部变量
SpyFunctions.cpp(3265): warning C4101: “ObjectManager”: 未引用的局部变量
SpyFunctions.cpp(3311): warning C4101: “ObjectManager”: 未引用的局部变量
SpyFunctions.cpp(3543): warning C4267: “初始化”: 从“size_t”转换到“int”，可能丢失数据
SpyFunctions.cpp(3696): warning C4101: “ObjectManager”: 未引用的局部变量
SpyFunctions.cpp(3883): warning C4101: “ObjectManager”: 未引用的局部变量
SpyFunctions.cpp(4248): warning C4267: “初始化”: 从“size_t”转换到“int”，可能丢失数据
SpyFunctions.cpp(4316): warning C4244: “初始化”: 从“unsigned __int64”转换到“double”，可能丢失数据
SpyFunctions.cpp(4341): warning C4244: “初始化”: 从“unsigned __int64”转换到“double”，可能丢失数据
SpyFunctions.cpp(4350): warning C4267: “初始化”: 从“size_t”转换到“int”，可能丢失数据
SpyFunctions.cpp(4417): warning C4267: “初始化”: 从“size_t”转换到“int”，可能丢失数据
SpyFunctions.cpp(4510): warning C4267: “初始化”: 从“size_t”转换到“int”，可能丢失数据
SpyFunctions.cpp(4582): warning C4267: “=”: 从“size_t”转换到“int”，可能丢失数据
SpyFunctions.cpp(4684): warning C4267: “初始化”: 从“size_t”转换到“int”，可能丢失数据
  interaction.cpp
  FeatureSpy.cpp
C:\Program Files (x86)\Microsoft Visual Studio 12.0\VC\atlmfc\include\afx.h(38): warning C4996: 'MBCS_Support_Deprecated_In_MFC': MBCS support in MFC is deprecated and may be removed in a future version of MFC.
          C:\Program Files (x86)\Microsoft Visual Studio 12.0\VC\atlmfc\include\afx.h(33) : 参见“MBCS_Support_Deprecated_In_MFC”的声明
  _WIN32_WINNT not defined. Defaulting to _WIN32_WINNT_MAXVER (see WinSDKVer.h)
Z:\FBM_Win32_NX11_NUAA_finalversion-xiangmu\FBM_Win32_NX11_NUAA_finalversion\FBM\UserMachiningPublicModule\PublicFunctions.cpp(60): warning C4267: “初始化”: 从“size_t”转换到“int”，可能丢失数据
Z:\FBM_Win32_NX11_NUAA_finalversion-xiangmu\FBM_Win32_NX11_NUAA_finalversion\FBM\UserMachiningPublicModule\PublicFunctions.cpp(92): warning C4101: “msg”: 未引用的局部变量
Z:\FBM_Win32_NX11_NUAA_finalversion-xiangmu\FBM_Win32_NX11_NUAA_finalversion\FBM\UserMachiningPublicModule\PublicFunctions.cpp(136): warning C4101: “msg”: 未引用的局部变量
Z:\FBM_Win32_NX11_NUAA_finalversion-xiangmu\FBM_Win32_NX11_NUAA_finalversion\FBM\UserMachiningPublicModule\PublicFunctions.cpp(205): warning C4101: “msg”: 未引用的局部变量
Z:\FBM_Win32_NX11_NUAA_finalversion-xiangmu\FBM_Win32_NX11_NUAA_finalversion\FBM\UserMachiningPublicModule\PublicFunctions.cpp(362): warning C4267: “初始化”: 从“size_t”转换到“int”，可能丢失数据
Z:\FBM_Win32_NX11_NUAA_finalversion-xiangmu\FBM_Win32_NX11_NUAA_finalversion\FBM\UserMachiningPublicModule\PublicFunctions.cpp(402): warning C4267: “初始化”: 从“size_t”转换到“int”，可能丢失数据
Z:\FBM_Win32_NX11_NUAA_finalversion-xiangmu\FBM_Win32_NX11_NUAA_finalversion\FBM\UserMachiningPublicModule\PublicFunctions.cpp(403): warning C4267: “初始化”: 从“size_t”转换到“int”，可能丢失数据
Z:\FBM_Win32_NX11_NUAA_finalversion-xiangmu\FBM_Win32_NX11_NUAA_finalversion\FBM\UserMachiningPublicModule\PublicFunctions.cpp(530): warning C4244: “初始化”: 从“double”转换到“int”，可能丢失数据
Z:\FBM_Win32_NX11_NUAA_finalversion-xiangmu\FBM_Win32_NX11_NUAA_finalversion\FBM\UserMachiningPublicModule\PublicFunctions.cpp(1020): warning C4244: “初始化”: 从“double”转换到“int”，可能丢失数据
Z:\FBM_Win32_NX11_NUAA_finalversion-xiangmu\FBM_Win32_NX11_NUAA_finalversion\FBM\UserMachiningPublicModule\PublicFunctions.cpp(1083): warning C4244: “初始化”: 从“double”转换到“int”，可能丢失数据
Z:\FBM_Win32_NX11_NUAA_finalversion-xiangmu\FBM_Win32_NX11_NUAA_finalversion\FBM\UserMachiningPublicModule\PublicFunctions.cpp(1039): warning C4101: “new_point_parameter2”: 未引用的局部变量
Z:\FBM_Win32_NX11_NUAA_finalversion-xiangmu\FBM_Win32_NX11_NUAA_finalversion\FBM\UserMachiningPublicModule\PublicFunctions.cpp(775): warning C4101: “intersectCurveManager”: 未引用的局部变量
Z:\FBM_Win32_NX11_NUAA_finalversion-xiangmu\FBM_Win32_NX11_NUAA_finalversion\FBM\UserMachiningPublicModule\PublicFunctions.cpp(852): warning C4101: “intersectCurveManager”: 未引用的局部变量
Z:\FBM_Win32_NX11_NUAA_finalversion-xiangmu\FBM_Win32_NX11_NUAA_finalversion\FBM\UserMachiningPublicModule\PublicFunctions.cpp(1696): warning C4101: “ref_pnt”: 未引用的局部变量
Z:\FBM_Win32_NX11_NUAA_finalversion-xiangmu\FBM_Win32_NX11_NUAA_finalversion\FBM\UserMachiningPublicModule\PublicFunctions.cpp(1769): warning C4267: “=”: 从“size_t”转换到“int”，可能丢失数据
Z:\FBM_Win32_NX11_NUAA_finalversion-xiangmu\FBM_Win32_NX11_NUAA_finalversion\FBM\UserMachiningPublicModule\PublicFunctions.cpp(1751): warning C4101: “CurveManager”: 未引用的局部变量
Z:\FBM_Win32_NX11_NUAA_finalversion-xiangmu\FBM_Win32_NX11_NUAA_finalversion\FBM\UserMachiningPublicModule\PublicFunctions.cpp(1901): warning C4101: “EdgeManager”: 未引用的局部变量
Z:\FBM_Win32_NX11_NUAA_finalversion-xiangmu\FBM_Win32_NX11_NUAA_finalversion\FBM\UserMachiningPublicModule\PublicFunctions.cpp(1952): warning C4101: “msg”: 未引用的局部变量
Z:\FBM_Win32_NX11_NUAA_finalversion-xiangmu\FBM_Win32_NX11_NUAA_finalversion\FBM\UserMachiningPublicModule\PublicFunctions.cpp(2019): warning C4101: “msg”: 未引用的局部变量
Z:\FBM_Win32_NX11_NUAA_finalversion-xiangmu\FBM_Win32_NX11_NUAA_finalversion\FBM\UserMachiningPublicModule\PublicFunctions.cpp(2240): warning C4267: “初始化”: 从“size_t”转换到“int”，可能丢失数据
Z:\FBM_Win32_NX11_NUAA_finalversion-xiangmu\FBM_Win32_NX11_NUAA_finalversion\FBM\UserMachiningPublicModule\PublicFunctions.cpp(2262): warning C4267: “=”: 从“size_t”转换到“int”，可能丢失数据
Z:\FBM_Win32_NX11_NUAA_finalversion-xiangmu\FBM_Win32_NX11_NUAA_finalversion\FBM\UserMachiningPublicModule\PublicFunctions.cpp(2324): warning C4101: “CurveManager”: 未引用的局部变量
Z:\FBM_Win32_NX11_NUAA_finalversion-xiangmu\FBM_Win32_NX11_NUAA_finalversion\FBM\UserMachiningPublicModule\PublicFunctions.cpp(2379): warning C4267: “=”: 从“size_t”转换到“int”，可能丢失数据
Z:\FBM_Win32_NX11_NUAA_finalversion-xiangmu\FBM_Win32_NX11_NUAA_finalversion\FBM\UserMachiningPublicModule\PublicFunctions.cpp(2388): warning C4101: “CurveManager”: 未引用的局部变量
Z:\FBM_Win32_NX11_NUAA_finalversion-xiangmu\FBM_Win32_NX11_NUAA_finalversion\FBM\UserMachiningPublicModule\PublicFunctions.cpp(2362): warning C4101: “CurveManager”: 未引用的局部变量
Z:\FBM_Win32_NX11_NUAA_finalversion-xiangmu\FBM_Win32_NX11_NUAA_finalversion\FBM\UserMachiningPublicModule\PublicFunctions.cpp(2450): warning C4267: “初始化”: 从“size_t”转换到“int”，可能丢失数据
Z:\FBM_Win32_NX11_NUAA_finalversion-xiangmu\FBM_Win32_NX11_NUAA_finalversion\FBM\UserMachiningPublicModule\PublicFunctions.cpp(2699): warning C4267: “初始化”: 从“size_t”转换到“int”，可能丢失数据
Z:\FBM_Win32_NX11_NUAA_finalversion-xiangmu\FBM_Win32_NX11_NUAA_finalversion\FBM\UserMachiningPublicModule\PublicFunctions.cpp(2725): warning C4267: “=”: 从“size_t”转换到“int”，可能丢失数据
Z:\FBM_Win32_NX11_NUAA_finalversion-xiangmu\FBM_Win32_NX11_NUAA_finalversion\FBM\UserMachiningPublicModule\PublicFunctions.cpp(2798): warning C4101: “EdgeManager”: 未引用的局部变量
Z:\FBM_Win32_NX11_NUAA_finalversion-xiangmu\FBM_Win32_NX11_NUAA_finalversion\FBM\UserMachiningPublicModule\PublicFunctions.cpp(3719): warning C4101: “EdgeManager”: 未引用的局部变量
FeatureSpy.cpp(65): warning C4101: “ex”: 未引用的局部变量
FeatureSpy.cpp(316): warning C4267: “初始化”: 从“size_t”转换到“int”，可能丢失数据
FeatureSpy.cpp(338): warning C4267: “初始化”: 从“size_t”转换到“int”，可能丢失数据
FeatureSpy.cpp(356): warning C4267: “初始化”: 从“size_t”转换到“int”，可能丢失数据
FeatureSpy.cpp(1095): warning C4267: “初始化”: 从“size_t”转换到“int”，可能丢失数据
FeatureSpy.cpp(1384): warning C4267: “初始化”: 从“size_t”转换到“int”，可能丢失数据
FeatureSpy.cpp(1920): warning C4267: “初始化”: 从“size_t”转换到“int”，可能丢失数据
FeatureSpy.cpp(1979): warning C4267: “初始化”: 从“size_t”转换到“int”，可能丢失数据
FeatureSpy.cpp(2350): warning C4267: “初始化”: 从“size_t”转换到“int”，可能丢失数据
FeatureSpy.cpp(2413): warning C4267: “初始化”: 从“size_t”转换到“int”，可能丢失数据
FeatureSpy.cpp(2831): warning C4267: “初始化”: 从“size_t”转换到“int”，可能丢失数据
FeatureSpy.cpp(2891): warning C4267: “初始化”: 从“size_t”转换到“int”，可能丢失数据
FeatureSpy.cpp(2951): warning C4267: “初始化”: 从“size_t”转换到“int”，可能丢失数据
FeatureSpy.cpp(3011): warning C4267: “初始化”: 从“size_t”转换到“int”，可能丢失数据
FeatureSpy.cpp(3071): warning C4267: “初始化”: 从“size_t”转换到“int”，可能丢失数据
FeatureSpy.cpp(3883): warning C4267: “初始化”: 从“size_t”转换到“int”，可能丢失数据
FeatureSpy.cpp(3957): warning C4267: “初始化”: 从“size_t”转换到“int”，可能丢失数据
FeatureSpy.cpp(4027): warning C4267: “初始化”: 从“size_t”转换到“int”，可能丢失数据
FeatureSpy.cpp(4123): warning C4267: “初始化”: 从“size_t”转换到“int”，可能丢失数据
FeatureSpy.cpp(4144): warning C4267: “初始化”: 从“size_t”转换到“int”，可能丢失数据
FeatureSpy.cpp(4280): warning C4267: “初始化”: 从“size_t”转换到“int”，可能丢失数据
FeatureSpy.cpp(4300): warning C4267: “初始化”: 从“size_t”转换到“int”，可能丢失数据
FeatureSpy.cpp(4320): warning C4267: “初始化”: 从“size_t”转换到“int”，可能丢失数据
FeatureSpy.cpp(4340): warning C4267: “初始化”: 从“size_t”转换到“int”，可能丢失数据
FeatureSpy.cpp(4360): warning C4267: “初始化”: 从“size_t”转换到“int”，可能丢失数据
FeatureSpy.cpp(4380): warning C4267: “初始化”: 从“size_t”转换到“int”，可能丢失数据
FeatureSpy.cpp(4521): warning C4267: “初始化”: 从“size_t”转换到“int”，可能丢失数据
FeatureSpy.cpp(4541): warning C4267: “初始化”: 从“size_t”转换到“int”，可能丢失数据
FeatureSpy.cpp(4561): warning C4267: “初始化”: 从“size_t”转换到“int”，可能丢失数据
FeatureSpy.cpp(4827): warning C4267: “初始化”: 从“size_t”转换到“int”，可能丢失数据
FeatureSpy.cpp(4889): warning C4267: “初始化”: 从“size_t”转换到“int”，可能丢失数据
FeatureSpy.cpp(4953): warning C4267: “初始化”: 从“size_t”转换到“int”，可能丢失数据
FeatureSpy.cpp(5387): warning C4267: “初始化”: 从“size_t”转换到“int”，可能丢失数据
FeatureSpy.cpp(5445): warning C4267: “初始化”: 从“size_t”转换到“int”，可能丢失数据
FeatureSpy.cpp(5505): warning C4267: “初始化”: 从“size_t”转换到“int”，可能丢失数据
FeatureSpy.cpp(5563): warning C4267: “初始化”: 从“size_t”转换到“int”，可能丢失数据
FeatureSpy.cpp(5621): warning C4267: “初始化”: 从“size_t”转换到“int”，可能丢失数据
FeatureSpy.cpp(5679): warning C4267: “初始化”: 从“size_t”转换到“int”，可能丢失数据
FeatureSpy.cpp(5741): warning C4267: “初始化”: 从“size_t”转换到“int”，可能丢失数据
FeatureSpy.cpp(5799): warning C4267: “初始化”: 从“size_t”转换到“int”，可能丢失数据
FeatureSpy.cpp(5857): warning C4267: “初始化”: 从“size_t”转换到“int”，可能丢失数据
FeatureSpy.cpp(5915): warning C4267: “初始化”: 从“size_t”转换到“int”，可能丢失数据
FeatureSpy.cpp(5973): warning C4267: “初始化”: 从“size_t”转换到“int”，可能丢失数据
FeatureSpy.cpp(6031): warning C4267: “初始化”: 从“size_t”转换到“int”，可能丢失数据
FeatureSpy.cpp(6089): warning C4267: “初始化”: 从“size_t”转换到“int”，可能丢失数据
FeatureSpy.cpp(6147): warning C4267: “初始化”: 从“size_t”转换到“int”，可能丢失数据
FeatureSpy.cpp(6205): warning C4267: “初始化”: 从“size_t”转换到“int”，可能丢失数据
FeatureSpy.cpp(6263): warning C4267: “初始化”: 从“size_t”转换到“int”，可能丢失数据
FeatureSpy.cpp(6321): warning C4267: “初始化”: 从“size_t”转换到“int”，可能丢失数据
FeatureSpy.cpp(6383): warning C4267: “初始化”: 从“size_t”转换到“int”，可能丢失数据
FeatureSpy.cpp(2049): warning C4101: “message”: 未引用的局部变量
FeatureSpy.cpp(3140): warning C4101: “message”: 未引用的局部变量
FeatureSpy.cpp(3273): warning C4101: “message”: 未引用的局部变量
FeatureSpy.cpp(3408): warning C4101: “message”: 未引用的局部变量
FeatureSpy.cpp(3543): warning C4101: “message”: 未引用的局部变量
FeatureSpy.cpp(3678): warning C4101: “message”: 未引用的局部变量
FeatureSpy.cpp(4094): warning C4101: “message”: 未引用的局部变量
FeatureSpy.cpp(4251): warning C4101: “message”: 未引用的局部变量
FeatureSpy.cpp(4492): warning C4101: “message”: 未引用的局部变量
FeatureSpy.cpp(5015): warning C4101: “message”: 未引用的局部变量
FeatureSpy.cpp(5141): warning C4101: “message”: 未引用的局部变量
FeatureSpy.cpp(5267): warning C4101: “message”: 未引用的局部变量
FeatureSpy.cpp(6452): warning C4101: “message”: 未引用的局部变量
FeatureSpy.cpp(6572): warning C4101: “message”: 未引用的局部变量
FeatureSpy.cpp(6707): warning C4101: “message”: 未引用的局部变量
FeatureSpy.cpp(6833): warning C4101: “message”: 未引用的局部变量
FeatureSpy.cpp(6958): warning C4101: “message”: 未引用的局部变量
FeatureSpy.cpp(7107): warning C4101: “message”: 未引用的局部变量
FeatureSpy.cpp(7254): warning C4101: “message”: 未引用的局部变量
FeatureSpy.cpp(7387): warning C4101: “message”: 未引用的局部变量
FeatureSpy.cpp(7520): warning C4101: “message”: 未引用的局部变量
FeatureSpy.cpp(7667): warning C4101: “message”: 未引用的局部变量
FeatureSpy.cpp(7814): warning C4101: “message”: 未引用的局部变量
FeatureSpy.cpp(7961): warning C4101: “message”: 未引用的局部变量
FeatureSpy.cpp(8108): warning C4101: “message”: 未引用的局部变量
FeatureSpy.cpp(8255): warning C4101: “message”: 未引用的局部变量
FeatureSpy.cpp(8402): warning C4101: “message”: 未引用的局部变量
FeatureSpy.cpp(8549): warning C4101: “message”: 未引用的局部变量
FeatureSpy.cpp(8698): warning C4101: “message”: 未引用的局部变量
FeatureSpy.cpp(8827): warning C4101: “message”: 未引用的局部变量
FeatureSpy.cpp(12607): warning C4267: “=”: 从“size_t”转换到“int”，可能丢失数据
FeatureSpy.cpp(12613): warning C4267: “=”: 从“size_t”转换到“int”，可能丢失数据
  正在生成代码...
z:\fbm_win32_nx11_nuaa_finalversion-xiangmu\fbm_win32_nx11_nuaa_finalversion\fbm\usermachiningpublicmodule\publicfunctions.cpp(3536): warning C4715: “Get_RightAndWrong_Edge_FromCylinder”: 不是所有的控件路径都返回值
Link:
  C:\Program Files (x86)\Microsoft Visual Studio 12.0\VC\bin\x86_amd64\link.exe /ERRORREPORT:PROMPT /OUT:"..\..\Application\/FeatureSpy.dll" /INCREMENTAL /NOLOGO /LIBPATH:"Z:\FBM_Win32_NX11_NUAA_finalversion-xiangmu\FBM_Win32_NX11_NUAA_finalversion\Application\\" /LIBPATH:"C:\Program Files\Siemens\NX 11.0\ugopenpp" /LIBPATH:"C:\Program Files\Siemens\NX 11.0\ugopen" /LIBPATH:C:\PRO_code\2023win640504\Source\UserMachiningPublicModule libufun.lib libufun_cae.lib libufun_cam.lib libufun_die.lib libufun_vdac.lib libufun_weld.lib libnxopencpp.lib libnxopencpp_annotations.lib libnxopencpp_assemblies.lib libnxopencpp_bodydes.lib libnxopencpp_cae.lib libnxopencpp_cam.lib libnxopencpp_diagramming.lib libnxopencpp_die.lib libnxopencpp_display.lib libnxopencpp_drafting.lib libnxopencpp_drawings.lib libnxopencpp_facet.lib libnxopencpp_features.lib libnxopencpp_fields.lib libnxopencpp_formboard.lib libnxopencpp_gateway.lib libnxopencpp_geometricanalysis.lib libnxopencpp_geometricutilities.lib libnxopencpp_issue.lib libnxopencpp_layer.lib libnxopencpp_layout2d.lib libnxopencpp_markup.lib libnxopencpp_mechanicalrouting.lib libnxopencpp_mechatronics.lib libnxopencpp_mfg.lib libnxopencpp_modldirect.lib libnxopencpp_motion.lib libnxopencpp_openxml.lib libnxopencpp_optimization.lib libnxopencpp_options.lib libnxopencpp_partfamily.lib libnxopencpp_pdm.lib libnxopencpp_physmat.lib libnxopencpp_placement.lib libnxopencpp_plas.lib libnxopencpp_positioning.lib libnxopencpp_preferences.lib libnxopencpp_report.lib libnxopencpp_routing.lib libnxopencpp_shapesearch.lib libnxopencpp_sheetmetal.lib libnxopencpp_shipdesign.lib libnxopencpp_sim.lib libnxopencpp_tooling.lib libnxopencpp_userdefinedobjects.lib libnxopencpp_userdefinedtemplate.lib libnxopencpp_validate.lib libnxopencpp_visualreporting.lib libnxopencpp_weld.lib libugopenint.lib libugopenint_cae.lib libugopenint_cam.lib libnxopenuicpp.lib /MANIFEST /MANIFESTUAC:"level='asInvoker' uiAccess='false'" /manifest:embed /manifestinput:"C:\Program Files (x86)\Microsoft Visual Studio 12.0\VC\Include\Manifest\dpiaware.manifest" /DEBUG /PDB:"..\..\Application\FeatureSpy.pdb" /SUBSYSTEM:CONSOLE /TLBID:1 /DYNAMICBASE /NXCOMPAT /IMPLIB:"..\..\Application\/FeatureSpy.lib" /MACHINE:X64 /DLL x64\Debug\FeatureSpy.obj
  x64\Debug\interaction.obj
  x64\Debug\SpyFunctions.obj
  x64\Debug\xml.obj
     正在创建库 ..\..\Application\/FeatureSpy.lib 和对象 ..\..\Application\/FeatureSpy.exp
  FeatureSpy.vcxproj -> Z:\FBM_Win32_NX11_NUAA_finalversion-xiangmu\FBM_Win32_NX11_NUAA_finalversion\FBM\FeatureSpy\..\..\Application\FeatureSpy.dll
已完成生成项目“Z:\FBM_Win32_NX11_NUAA_finalversion-xiangmu\FBM_Win32_NX11_NUAA_finalversion\FBM\FeatureSpy\FeatureSpy.vcxproj”(Rebuild 个目标)的操作。

生成成功。

已用时间 00:00:07.62
