生成启动时间为 2026/7/14 21:12:23。
项目“C:\Users\ug12\Desktop\HuNXTool\_Source\FeatureSpy260714\FeatureSpy260714\FeatureSpy260714.vcxproj”在节点 2 上(Rebuild 个目标)。
ClCompile:
  C:\Program Files (x86)\Microsoft Visual Studio 14.0\VC\bin\x86_amd64\CL.exe /c /I..\..\FBM_Win32_NX11_NUAA_finalversion\FBM\UserMachiningPublicModule /I"C:\Program Files\Siemens\NX12\ugopenpp" /I"C:\Program Files\Siemens\NX12\ugopen" /Zi /nologo /W3 /WX- /Od /D _CRT_SECURE_NO_WARNINGS /D _SECURE_SCL=0 /D _USRDLL /D _WINDLL /D _MBCS /D _AFXDLL /Gm /EHsc /RTC1 /MD /GS /fp:precise /Zc:wchar_t /Zc:forScope /Zc:inline /GR /Fo"x64\Debug\\" /Fd"x64\Debug\vc140.pdb" /Gd /TP /wd4275 /errorReport:prompt FeatureSpy260714.cpp SpyFunctions.cpp xml.cpp
  xml.cpp
xml.cpp : warning C4819: 该文件包含不能在当前代码页(936)中表示的字符。请将该文件保存为 Unicode 格式以防止数据丢失
c:\users\ug12\desktop\hunxtool\_source\featurespy260714\featurespy260714\xml.h : warning C4819: 该文件包含不能在当前代码页(936)中表示的字符。请将该文件保存为 Unicode 格式以防止数据丢失
c:\users\ug12\desktop\hunxtool\_source\featurespy260714\featurespy260714\xml.h(13): fatal error C1083: 无法打开包括文件: “FeaturePublicClass.h”: No such file or directory
  SpyFunctions.cpp
SpyFunctions.cpp : warning C4819: 该文件包含不能在当前代码页(936)中表示的字符。请将该文件保存为 Unicode 格式以防止数据丢失
c:\users\ug12\desktop\hunxtool\_source\featurespy260714\featurespy260714\SpyFunctions.h : warning C4819: 该文件包含不能在当前代码页(936)中表示的字符。请将该文件保存为 Unicode 格式以防止数据丢失
c:\users\ug12\desktop\hunxtool\_source\featurespy260714\featurespy260714\uf_all.h : warning C4819: 该文件包含不能在当前代码页(936)中表示的字符。请将该文件保存为 Unicode 格式以防止数据丢失
c:\users\ug12\desktop\hunxtool\_source\featurespy260714\featurespy260714\SpyFunctions.h(31): fatal error C1083: 无法打开包括文件: “PublicFunctions.h”: No such file or directory
  FeatureSpy260714.cpp
c:\users\ug12\desktop\hunxtool\_source\featurespy260714\featurespy260714\uf_all.h : warning C4819: 该文件包含不能在当前代码页(936)中表示的字符。请将该文件保存为 Unicode 格式以防止数据丢失
c:\users\ug12\desktop\hunxtool\_source\featurespy260714\featurespy260714\FeatureSpy260714.hpp(43): fatal error C1083: 无法打开包括文件: “PublicFunctions.h”: No such file or directory
  正在生成代码...
已完成生成项目“C:\Users\ug12\Desktop\HuNXTool\_Source\FeatureSpy260714\FeatureSpy260714\FeatureSpy260714.vcxproj”(Rebuild 个目标)的操作 - 失败。

生成失败。

已用时间 00:00:02.69
