生成启动时间为 2024/6/20 15:23:15。
     1>项目“Z:\UG\FBM_Win32_NX11_NUAA_finalversion1\FBM\CasingRoughPlunging\CasingRoughPlunging.vcxproj”在节点 2 上(Rebuild 个目标)。
     1>ClCompile:
         C:\Program Files (x86)\Microsoft Visual Studio 12.0\VC\bin\x86_amd64\CL.exe /c /I"C:\Program Files\Siemens\NX 11.0\ugopen" /I"C:\Program Files\Siemens\NX 11.0\ugopenpp" /IZ:\UG\FBM_Win32_NX11_NUAA_finalversion1\FBM\\UserMachiningPublicModule /Zi /nologo /W1 /WX- /O2 /D _WINDLL /Gm- /EHsc /MD /GS /fp:precise /Zc:wchar_t /Zc:forScope /Fo"x64\Debug\\" /Fd"x64\Debug\vc120.pdb" /Gd /TP /errorReport:prompt CasingRoughPlunging.cpp PublicFunctions.cpp RoughPlungingCmd.cpp
         CasingRoughPlunging.cpp
         PublicFunctions.cpp
     1>PublicFunctions.cpp(2478): warning C4996: 'sprintf': This function or variable may be unsafe. Consider using sprintf_s instead. To disable deprecation, use _CRT_SECURE_NO_WARNINGS. See online help for details.
                 C:\Program Files (x86)\Microsoft Visual Studio 12.0\VC\include\stdio.h(356) : 参见“sprintf”的声明
     1>PublicFunctions.cpp(2483): warning C4996: 'sprintf': This function or variable may be unsafe. Consider using sprintf_s instead. To disable deprecation, use _CRT_SECURE_NO_WARNINGS. See online help for details.
                 C:\Program Files (x86)\Microsoft Visual Studio 12.0\VC\include\stdio.h(356) : 参见“sprintf”的声明
     1>PublicFunctions.cpp(2487): warning C4996: 'sprintf': This function or variable may be unsafe. Consider using sprintf_s instead. To disable deprecation, use _CRT_SECURE_NO_WARNINGS. See online help for details.
                 C:\Program Files (x86)\Microsoft Visual Studio 12.0\VC\include\stdio.h(356) : 参见“sprintf”的声明
     1>PublicFunctions.cpp(2509): warning C4996: 'localtime': This function or variable may be unsafe. Consider using localtime_s instead. To disable deprecation, use _CRT_SECURE_NO_WARNINGS. See online help for details.
                 C:\Program Files (x86)\Microsoft Visual Studio 12.0\VC\include\time.inl(112) : 参见“localtime”的声明
     1>PublicFunctions.cpp(2515): warning C4996: 'sprintf': This function or variable may be unsafe. Consider using sprintf_s instead. To disable deprecation, use _CRT_SECURE_NO_WARNINGS. See online help for details.
                 C:\Program Files (x86)\Microsoft Visual Studio 12.0\VC\include\stdio.h(356) : 参见“sprintf”的声明
     1>PublicFunctions.cpp(2527): warning C4996: 'sprintf': This function or variable may be unsafe. Consider using sprintf_s instead. To disable deprecation, use _CRT_SECURE_NO_WARNINGS. See online help for details.
                 C:\Program Files (x86)\Microsoft Visual Studio 12.0\VC\include\stdio.h(356) : 参见“sprintf”的声明
     1>PublicFunctions.cpp(2531): warning C4996: 'strcat': This function or variable may be unsafe. Consider using strcat_s instead. To disable deprecation, use _CRT_SECURE_NO_WARNINGS. See online help for details.
                 C:\Program Files (x86)\Microsoft Visual Studio 12.0\VC\include\string.h(118) : 参见“strcat”的声明
     1>PublicFunctions.cpp(2536): warning C4996: 'sprintf': This function or variable may be unsafe. Consider using sprintf_s instead. To disable deprecation, use _CRT_SECURE_NO_WARNINGS. See online help for details.
                 C:\Program Files (x86)\Microsoft Visual Studio 12.0\VC\include\stdio.h(356) : 参见“sprintf”的声明
     1>PublicFunctions.cpp(2540): warning C4996: 'strcat': This function or variable may be unsafe. Consider using strcat_s instead. To disable deprecation, use _CRT_SECURE_NO_WARNINGS. See online help for details.
                 C:\Program Files (x86)\Microsoft Visual Studio 12.0\VC\include\string.h(118) : 参见“strcat”的声明
     1>PublicFunctions.cpp(2545): warning C4996: 'sprintf': This function or variable may be unsafe. Consider using sprintf_s instead. To disable deprecation, use _CRT_SECURE_NO_WARNINGS. See online help for details.
                 C:\Program Files (x86)\Microsoft Visual Studio 12.0\VC\include\stdio.h(356) : 参见“sprintf”的声明
     1>PublicFunctions.cpp(2546): warning C4996: 'strcat': This function or variable may be unsafe. Consider using strcat_s instead. To disable deprecation, use _CRT_SECURE_NO_WARNINGS. See online help for details.
                 C:\Program Files (x86)\Microsoft Visual Studio 12.0\VC\include\string.h(118) : 参见“strcat”的声明
         RoughPlungingCmd.cpp
     1>RoughPlungingCmd.cpp(507): warning C4996: 'strcpy': This function or variable may be unsafe. Consider using strcpy_s instead. To disable deprecation, use _CRT_SECURE_NO_WARNINGS. See online help for details.
                 C:\Program Files (x86)\Microsoft Visual Studio 12.0\VC\include\string.h(112) : 参见“strcpy”的声明
     1>RoughPlungingCmd.cpp(508): warning C4996: 'strcat': This function or variable may be unsafe. Consider using strcat_s instead. To disable deprecation, use _CRT_SECURE_NO_WARNINGS. See online help for details.
                 C:\Program Files (x86)\Microsoft Visual Studio 12.0\VC\include\string.h(118) : 参见“strcat”的声明
     1>RoughPlungingCmd.cpp(574): warning C4996: 'strcpy': This function or variable may be unsafe. Consider using strcpy_s instead. To disable deprecation, use _CRT_SECURE_NO_WARNINGS. See online help for details.
                 C:\Program Files (x86)\Microsoft Visual Studio 12.0\VC\include\string.h(112) : 参见“strcpy”的声明
     1>RoughPlungingCmd.cpp(580): warning C4996: 'strcpy': This function or variable may be unsafe. Consider using strcpy_s instead. To disable deprecation, use _CRT_SECURE_NO_WARNINGS. See online help for details.
                 C:\Program Files (x86)\Microsoft Visual Studio 12.0\VC\include\string.h(112) : 参见“strcpy”的声明
     1>RoughPlungingCmd.cpp(581): warning C4996: 'strcat': This function or variable may be unsafe. Consider using strcat_s instead. To disable deprecation, use _CRT_SECURE_NO_WARNINGS. See online help for details.
                 C:\Program Files (x86)\Microsoft Visual Studio 12.0\VC\include\string.h(118) : 参见“strcat”的声明
         正在生成代码...
     1>z:\ug\fbm_win32_nx11_nuaa_finalversion1\fbm\casingroughplunging\publicfunctions.cpp(3534): warning C4715: “Get_RightAndWrong_Edge_FromCylinder”: 不是所有的控件路径都返回值
       Link:
         C:\Program Files (x86)\Microsoft Visual Studio 12.0\VC\bin\x86_amd64\link.exe /ERRORREPORT:PROMPT /OUT:"..\..\Application\CasingRoughPlunging.dll" /NOLOGO /LIBPATH:"C:\Program Files\Siemens\NX 11.0\ugopen" /LIBPATH:"C:\Program Files\Siemens\NX 11.0\ugopenpp" /LIBPATH:Z:\UG\FBM_Win32_NX11_NUAA_finalversion1\FBM\\UserMachiningPublicModule libameopencpp.lib libmfgmlpopencpp.lib libnxopencpp.lib libnxopencpp_annotations.lib libnxopencpp_assemblies.lib libnxopencpp_bodydes.lib libnxopencpp_cae.lib libnxopencpp_cam.lib libnxopencpp_diagramming.lib libnxopencpp_die.lib libnxopencpp_display.lib libnxopencpp_drafting.lib libnxopencpp_drawings.lib libnxopencpp_facet.lib libnxopencpp_features.lib libnxopencpp_fields.lib libnxopencpp_formboard.lib libnxopencpp_gateway.lib libnxopencpp_geometricanalysis.lib libnxopencpp_geometricutilities.lib libnxopencpp_issue.lib libnxopencpp_layer.lib libnxopencpp_layout2d.lib libnxopencpp_markup.lib libnxopencpp_mechanicalrouting.lib libnxopencpp_mechatronics.lib libnxopencpp_mfg.lib libnxopencpp_modldirect.lib libnxopencpp_motion.lib libnxopencpp_openxml.lib libnxopencpp_optimization.lib libnxopencpp_options.lib libnxopencpp_partfamily.lib libnxopencpp_pdm.lib libnxopencpp_physmat.lib libnxopencpp_placement.lib libnxopencpp_plas.lib libnxopencpp_positioning.lib libnxopencpp_preferences.lib libnxopencpp_report.lib libnxopencpp_routing.lib libnxopencpp_shapesearch.lib libnxopencpp_sheetmetal.lib libnxopencpp_shipdesign.lib libnxopencpp_sim.lib libnxopencpp_tooling.lib libnxopencpp_userdefinedobjects.lib libnxopencpp_userdefinedtemplate.lib libnxopencpp_validate.lib libnxopencpp_visualreporting.lib libnxopencpp_weld.lib libnxopenjava_markup.lib libnxopenuicpp.lib libopenintpp.lib libopenpp.lib libufun.lib libufun_cae.lib libufun_cam.lib libufun_die.lib libufun_vdac.lib libufun_weld.lib libugopenint.lib libugopenint_cae.lib libugopenint_cam.lib libvmathpp.lib kernel32.lib user32.lib gdi32.lib winspool.lib comdlg32.lib advapi32.lib shell32.lib ole32.lib oleaut32.lib uuid.lib odbc32.lib odbccp32.lib /MANIFEST /MANIFESTUAC:"level='asInvoker' uiAccess='false'" /manifest:embed /PDB:"..\..\Application\CasingRoughPlunging.pdb" /TLBID:1 /DYNAMICBASE /NXCOMPAT /IMPLIB:"..\..\Application\CasingRoughPlunging.lib" /MACHINE:X64 /DLL x64\Debug\CasingRoughPlunging.obj
         x64\Debug\PublicFunctions.obj
         x64\Debug\RoughPlungingCmd.obj
         Z:\UG\FBM_Win32_NX11_NUAA_finalversion1\Application\UserMachiningPublicModule.lib
            正在创建库 ..\..\Application\CasingRoughPlunging.lib 和对象 ..\..\Application\CasingRoughPlunging.exp
         CasingRoughPlunging.vcxproj -> Z:\UG\FBM_Win32_NX11_NUAA_finalversion1\FBM\CasingRoughPlunging\..\..\Application\CasingRoughPlunging.dll
     1>已完成生成项目“Z:\UG\FBM_Win32_NX11_NUAA_finalversion1\FBM\CasingRoughPlunging\CasingRoughPlunging.vcxproj”(Rebuild 个目标)的操作。

生成成功。

已用时间 00:00:06.20
