生成启动时间为 2024/7/19 15:39:38。
项目“Z:\FBM_Win32_NX11_NUAA_finalversion\FBM_Win32_NX11_NUAA_finalversion\FBM\TongGrooveSideMilling\TongGrooveSideMilling.vcxproj”在节点 2 上(Rebuild 个目标)。
C:\Program Files (x86)\MSBuild\Microsoft.Cpp\v4.0\V120\Microsoft.CppBuild.targets(364,5): warning MSB8004: Output Directory does not end with a trailing slash.  This build instance will add the slash as it is required to allow proper evaluation of the Output Directory.
C:\Program Files (x86)\MSBuild\Microsoft.Cpp\v4.0\V120\Microsoft.CppBuild.targets(388,5): warning MSB8028: The intermediate directory (x64\Debug\) contains files shared from another project (TongGrooveSideMilling.vcxproj).  This can lead to incorrect clean and rebuild behavior.
ClCompile:
  C:\Program Files (x86)\Microsoft Visual Studio 12.0\VC\bin\x86_amd64\CL.exe /c /IZ:\FBM_Win32_NX11_NUAA_finalversion\FBM_Win32_NX11_NUAA_finalversion\FBM\\UserMachiningPublicModule /I"C:\Program Files\Siemens\NX 11.0\ugopenpp" /I"C:\Program Files\Siemens\NX 11.0\ugopen" /Zi /nologo /W3 /WX- /Od /D _CRT_SECURE_NO_WARNINGS /D _SECURE_SCL=0 /D _USRDLL /D _WINDLL /D _MBCS /D _AFXDLL /Gm /EHsc /RTC1 /MD /GS /fp:precise /Zc:wchar_t /Zc:forScope /GR /Fo"x64\Debug\\" /Fd"x64\Debug\vc120.pdb" /Gd /TP /errorReport:prompt /d1scalableinclude- TongGrooveSideMilling.cpp TongGrooveSideMillingCmd.cpp
  TongGrooveSideMillingCmd.cpp
TongGrooveSideMillingCmd.cpp(95): warning C4267: “参数”: 从“size_t”转换到“const int”，可能丢失数据
TongGrooveSideMillingCmd.cpp(107): warning C4267: “参数”: 从“size_t”转换到“const int”，可能丢失数据
TongGrooveSideMillingCmd.cpp(228): warning C4101: “msg”: 未引用的局部变量
TongGrooveSideMillingCmd.cpp(627): warning C4267: “初始化”: 从“size_t”转换到“int”，可能丢失数据
TongGrooveSideMillingCmd.cpp(687): warning C4267: “初始化”: 从“size_t”转换到“int”，可能丢失数据
TongGrooveSideMillingCmd.cpp(691): warning C4267: “初始化”: 从“size_t”转换到“int”，可能丢失数据
TongGrooveSideMillingCmd.cpp(692): warning C4267: “初始化”: 从“size_t”转换到“int”，可能丢失数据
TongGrooveSideMillingCmd.cpp(707): warning C4267: “初始化”: 从“size_t”转换到“int”，可能丢失数据
TongGrooveSideMillingCmd.cpp(712): warning C4267: “初始化”: 从“size_t”转换到“int”，可能丢失数据
TongGrooveSideMillingCmd.cpp(713): warning C4267: “初始化”: 从“size_t”转换到“int”，可能丢失数据
TongGrooveSideMillingCmd.cpp(952): warning C4267: “初始化”: 从“size_t”转换到“int”，可能丢失数据
TongGrooveSideMillingCmd.cpp(967): warning C4267: “初始化”: 从“size_t”转换到“int”，可能丢失数据
TongGrooveSideMillingCmd.cpp(1472): warning C4267: “初始化”: 从“size_t”转换到“int”，可能丢失数据
  TongGrooveSideMilling.cpp
z:\fbm_win32_nx11_nuaa_finalversion\fbm_win32_nx11_nuaa_finalversion\fbm\tonggroovesidemilling\TongGrooveSideMilling.hpp(91): warning C4251: “TongGrooveSideMilling::AllFaces”: class“std::vector<NXOpen::Face *,std::allocator<_Ty>>”需要有 dll 接口由 class“TongGrooveSideMilling”的客户端使用
          with
          [
              _Ty=NXOpen::Face *
          ]
z:\fbm_win32_nx11_nuaa_finalversion\fbm_win32_nx11_nuaa_finalversion\fbm\tonggroovesidemilling\TongGrooveSideMilling.hpp(92): warning C4251: “TongGrooveSideMilling::ListOfBoss”: class“std::vector<Boss *,std::allocator<_Ty>>”需要有 dll 接口由 class“TongGrooveSideMilling”的客户端使用
          with
          [
              _Ty=Boss *
          ]
z:\fbm_win32_nx11_nuaa_finalversion\fbm_win32_nx11_nuaa_finalversion\fbm\tonggroovesidemilling\TongGrooveSideMilling.hpp(93): warning C4251: “TongGrooveSideMilling::ListOfCavity”: class“std::vector<ArcCavity *,std::allocator<_Ty>>”需要有 dll 接口由 class“TongGrooveSideMilling”的客户端使用
          with
          [
              _Ty=ArcCavity *
          ]
z:\fbm_win32_nx11_nuaa_finalversion\fbm_win32_nx11_nuaa_finalversion\fbm\tonggroovesidemilling\TongGrooveSideMilling.hpp(94): warning C4251: “TongGrooveSideMilling::ListOfPassGroove”: class“std::vector<PassGroove *,std::allocator<_Ty>>”需要有 dll 接口由 class“TongGrooveSideMilling”的客户端使用
          with
          [
              _Ty=PassGroove *
          ]
z:\fbm_win32_nx11_nuaa_finalversion\fbm_win32_nx11_nuaa_finalversion\fbm\tonggroovesidemilling\TongGrooveSideMilling.hpp(97): warning C4251: “TongGrooveSideMilling::ProgramMembers”: class“std::vector<NXOpen::CAM::CAMObject *,std::allocator<_Ty>>”需要有 dll 接口由 class“TongGrooveSideMilling”的客户端使用
          with
          [
              _Ty=NXOpen::CAM::CAMObject *
          ]
z:\fbm_win32_nx11_nuaa_finalversion\fbm_win32_nx11_nuaa_finalversion\fbm\tonggroovesidemilling\TongGrooveSideMilling.hpp(98): warning C4251: “TongGrooveSideMilling::ProgramStringList”: class“std::vector<NXOpen::NXString,std::allocator<_Ty>>”需要有 dll 接口由 class“TongGrooveSideMilling”的客户端使用
          with
          [
              _Ty=NXOpen::NXString
          ]
z:\fbm_win32_nx11_nuaa_finalversion\fbm_win32_nx11_nuaa_finalversion\fbm\tonggroovesidemilling\TongGrooveSideMilling.hpp(99): warning C4251: “TongGrooveSideMilling::ToolMembers”: class“std::vector<NXOpen::CAM::CAMObject *,std::allocator<_Ty>>”需要有 dll 接口由 class“TongGrooveSideMilling”的客户端使用
          with
          [
              _Ty=NXOpen::CAM::CAMObject *
          ]
z:\fbm_win32_nx11_nuaa_finalversion\fbm_win32_nx11_nuaa_finalversion\fbm\tonggroovesidemilling\TongGrooveSideMilling.hpp(100): warning C4251: “TongGrooveSideMilling::ToolStringList”: class“std::vector<NXOpen::NXString,std::allocator<_Ty>>”需要有 dll 接口由 class“TongGrooveSideMilling”的客户端使用
          with
          [
              _Ty=NXOpen::NXString
          ]
z:\fbm_win32_nx11_nuaa_finalversion\fbm_win32_nx11_nuaa_finalversion\fbm\tonggroovesidemilling\TongGrooveSideMilling.hpp(101): warning C4251: “TongGrooveSideMilling::MCSMembers”: class“std::vector<NXOpen::CAM::CAMObject *,std::allocator<_Ty>>”需要有 dll 接口由 class“TongGrooveSideMilling”的客户端使用
          with
          [
              _Ty=NXOpen::CAM::CAMObject *
          ]
z:\fbm_win32_nx11_nuaa_finalversion\fbm_win32_nx11_nuaa_finalversion\fbm\tonggroovesidemilling\TongGrooveSideMilling.hpp(102): warning C4251: “TongGrooveSideMilling::MCSStringList”: class“std::vector<NXOpen::NXString,std::allocator<_Ty>>”需要有 dll 接口由 class“TongGrooveSideMilling”的客户端使用
          with
          [
              _Ty=NXOpen::NXString
          ]
z:\fbm_win32_nx11_nuaa_finalversion\fbm_win32_nx11_nuaa_finalversion\fbm\tonggroovesidemilling\TongGrooveSideMilling.hpp(103): warning C4251: “TongGrooveSideMilling::MethodMembers”: class“std::vector<NXOpen::CAM::CAMObject *,std::allocator<_Ty>>”需要有 dll 接口由 class“TongGrooveSideMilling”的客户端使用
          with
          [
              _Ty=NXOpen::CAM::CAMObject *
          ]
z:\fbm_win32_nx11_nuaa_finalversion\fbm_win32_nx11_nuaa_finalversion\fbm\tonggroovesidemilling\TongGrooveSideMilling.hpp(104): warning C4251: “TongGrooveSideMilling::MethodStringList”: class“std::vector<NXOpen::NXString,std::allocator<_Ty>>”需要有 dll 接口由 class“TongGrooveSideMilling”的客户端使用
          with
          [
              _Ty=NXOpen::NXString
          ]
z:\fbm_win32_nx11_nuaa_finalversion\fbm_win32_nx11_nuaa_finalversion\fbm\tonggroovesidemilling\TongGrooveSideMilling.hpp(107): warning C4251: “TongGrooveSideMilling::SelectedPassGrooveTopFaceList”: class“std::vector<NXOpen::Face *,std::allocator<_Ty>>”需要有 dll 接口由 class“TongGrooveSideMilling”的客户端使用
          with
          [
              _Ty=NXOpen::Face *
          ]
z:\fbm_win32_nx11_nuaa_finalversion\fbm_win32_nx11_nuaa_finalversion\fbm\tonggroovesidemilling\TongGrooveSideMilling.hpp(108): warning C4251: “TongGrooveSideMilling::PassGrooveTopFaceList”: class“std::vector<NXOpen::Face *,std::allocator<_Ty>>”需要有 dll 接口由 class“TongGrooveSideMilling”的客户端使用
          with
          [
              _Ty=NXOpen::Face *
          ]
TongGrooveSideMilling.cpp(67): warning C4101: “ex”: 未引用的局部变量
TongGrooveSideMilling.cpp(573): warning C4267: “初始化”: 从“size_t”转换到“int”，可能丢失数据
TongGrooveSideMilling.cpp(1131): warning C4244: “=”: 从“double”转换到“int”，可能丢失数据
TongGrooveSideMilling.cpp(1167): warning C4244: “=”: 从“double”转换到“int”，可能丢失数据
TongGrooveSideMilling.cpp(1305): warning C4267: “初始化”: 从“size_t”转换到“int”，可能丢失数据
TongGrooveSideMilling.cpp(1319): warning C4267: “初始化”: 从“size_t”转换到“int”，可能丢失数据
TongGrooveSideMilling.cpp(1333): warning C4267: “初始化”: 从“size_t”转换到“int”，可能丢失数据
TongGrooveSideMilling.cpp(1349): warning C4267: “初始化”: 从“size_t”转换到“int”，可能丢失数据
TongGrooveSideMilling.cpp(1767): warning C4101: “ex2”: 未引用的局部变量
TongGrooveSideMilling.cpp(1796): warning C4267: “初始化”: 从“size_t”转换到“int”，可能丢失数据
  正在生成代码...
Link:
  C:\Program Files (x86)\Microsoft Visual Studio 12.0\VC\bin\x86_amd64\link.exe /ERRORREPORT:PROMPT /OUT:"..\..\Application\/TongGrooveSideMilling.dll" /INCREMENTAL /NOLOGO /LIBPATH:"C:\Program Files\Siemens\NX 11.0\ugopenpp" /LIBPATH:Z:\FBM_Win32_NX11_NUAA_finalversion\FBM_Win32_NX11_NUAA_finalversion\FBM\\UserMachiningPublicModule /LIBPATH:"C:\Program Files\Siemens\NX 11.0\ugopen" libufun.lib libufun_cae.lib libufun_cam.lib libufun_die.lib libufun_vdac.lib libufun_weld.lib libnxopencpp.lib libnxopencpp_annotations.lib libnxopencpp_assemblies.lib libnxopencpp_bodydes.lib libnxopencpp_cae.lib libnxopencpp_cam.lib libnxopencpp_diagramming.lib libnxopencpp_die.lib libnxopencpp_display.lib libnxopencpp_drafting.lib libnxopencpp_drawings.lib libnxopencpp_facet.lib libnxopencpp_features.lib libnxopencpp_fields.lib libnxopencpp_formboard.lib libnxopencpp_gateway.lib libnxopencpp_geometricanalysis.lib libnxopencpp_geometricutilities.lib libnxopencpp_issue.lib libnxopencpp_layer.lib libnxopencpp_layout2d.lib libnxopencpp_markup.lib libnxopencpp_mechanicalrouting.lib libnxopencpp_mechatronics.lib libnxopencpp_mfg.lib libnxopencpp_modldirect.lib libnxopencpp_motion.lib libnxopencpp_openxml.lib libnxopencpp_optimization.lib libnxopencpp_options.lib libnxopencpp_partfamily.lib libnxopencpp_pdm.lib libnxopencpp_physmat.lib libnxopencpp_placement.lib libnxopencpp_plas.lib libnxopencpp_positioning.lib libnxopencpp_preferences.lib libnxopencpp_report.lib libnxopencpp_routing.lib libnxopencpp_shapesearch.lib libnxopencpp_sheetmetal.lib libnxopencpp_shipdesign.lib libnxopencpp_sim.lib libnxopencpp_tooling.lib libnxopencpp_userdefinedobjects.lib libnxopencpp_userdefinedtemplate.lib libnxopencpp_validate.lib libnxopencpp_visualreporting.lib libnxopencpp_weld.lib libugopenint.lib libugopenint_cae.lib libugopenint_cam.lib libnxopenuicpp.lib /MANIFEST /MANIFESTUAC:"level='asInvoker' uiAccess='false'" /manifest:embed /manifestinput:"C:\Program Files (x86)\Microsoft Visual Studio 12.0\VC\Include\Manifest\dpiaware.manifest" /DEBUG /PDB:"..\..\Application\TongGrooveSideMilling.pdb" /SUBSYSTEM:CONSOLE /TLBID:1 /DYNAMICBASE /NXCOMPAT /IMPLIB:"..\..\Application\/TongGrooveSideMilling.lib" /MACHINE:X64 /DLL x64\Debug\TongGrooveSideMilling.obj
  x64\Debug\TongGrooveSideMillingCmd.obj
     正在创建库 ..\..\Application\/TongGrooveSideMilling.lib 和对象 ..\..\Application\/TongGrooveSideMilling.exp
  TongGrooveSideMilling.vcxproj -> Z:\FBM_Win32_NX11_NUAA_finalversion\FBM_Win32_NX11_NUAA_finalversion\FBM\TongGrooveSideMilling\..\..\Application\TongGrooveSideMilling.dll
已完成生成项目“Z:\FBM_Win32_NX11_NUAA_finalversion\FBM_Win32_NX11_NUAA_finalversion\FBM\TongGrooveSideMilling\TongGrooveSideMilling.vcxproj”(Rebuild 个目标)的操作。

生成成功。

已用时间 00:00:02.54
