z:\fbm_nx11_nuaa_win32_d240618v3\fbm_nx11_nuaa_win32_d240618\fbm\holedrilling\x64\debug\vc120.pdb
z:\fbm_nx11_nuaa_win32_d240618v3\fbm_nx11_nuaa_win32_d240618\fbm\holedrilling\x64\debug\vc120.idb
z:\fbm_nx11_nuaa_win32_d240618v3\fbm_nx11_nuaa_win32_d240618\fbm\holedrilling\x64\debug\holedrilling.obj
z:\fbm_nx11_nuaa_win32_d240618v3\fbm_nx11_nuaa_win32_d240618\fbm\holedrilling\x64\debug\publicfunctions.obj
z:\fbm_nx11_nuaa_win32_d240618v3\fbm_nx11_nuaa_win32_d240618\fbm\holedrilling\x64\debug\slholedrillingcmd.obj
z:\fbm_nx11_nuaa_win32_d240618v3\fbm_nx11_nuaa_win32_d240618\application\holedrilling.lib
z:\fbm_nx11_nuaa_win32_d240618v3\fbm_nx11_nuaa_win32_d240618\application\holedrilling.exp
z:\fbm_nx11_nuaa_win32_d240618v3\fbm_nx11_nuaa_win32_d240618\application\holedrilling.ilk
z:\fbm_nx11_nuaa_win32_d240618v3\fbm_nx11_nuaa_win32_d240618\application\holedrilling.dll
z:\fbm_nx11_nuaa_win32_d240618v3\fbm_nx11_nuaa_win32_d240618\application\holedrilling.pdb
z:\ug\fbm_win32_nx11_nuaa_finalversion1\fbm\holedrilling\x64\debug\holedrilling.obj
z:\ug\fbm_win32_nx11_nuaa_finalversion1\fbm\holedrilling\x64\debug\publicfunctions.obj
z:\ug\fbm_win32_nx11_nuaa_finalversion1\fbm\holedrilling\x64\debug\slholedrillingcmd.obj
z:\ug\fbm_win32_nx11_nuaa_finalversion1\fbm\holedrilling\x64\debug\vc120.idb
z:\ug\fbm_win32_nx11_nuaa_finalversion1\fbm\holedrilling\x64\debug\vc120.pdb
z:\ug\fbm_win32_nx11_nuaa_finalversion1\fbm\holedrilling\..\..\application\holedrilling.dll
z:\ug\fbm_win32_nx11_nuaa_finalversion1\fbm\holedrilling\x64\debug\holedrilling.tlog\cl.command.1.tlog
z:\ug\fbm_win32_nx11_nuaa_finalversion1\fbm\holedrilling\x64\debug\holedrilling.tlog\cl.read.1.tlog
z:\ug\fbm_win32_nx11_nuaa_finalversion1\fbm\holedrilling\x64\debug\holedrilling.tlog\cl.write.1.tlog
z:\ug\fbm_win32_nx11_nuaa_finalversion1\fbm\holedrilling\x64\debug\holedrilling.tlog\holedrilling.write.1u.tlog
z:\ug\fbm_win32_nx11_nuaa_finalversion1\fbm\holedrilling\x64\debug\holedrilling.tlog\link.command.1.tlog
z:\ug\fbm_win32_nx11_nuaa_finalversion1\fbm\holedrilling\x64\debug\holedrilling.tlog\link.read.1.tlog
z:\ug\fbm_win32_nx11_nuaa_finalversion1\fbm\holedrilling\x64\debug\holedrilling.tlog\link.write.1.tlog
