生成启动时间为 2024/6/20 15:23:06。
     1>项目“Z:\UG\FBM_Win32_NX11_NUAA_finalversion1\FBM\HoleDrilling\HoleDrilling.vcxproj”在节点 3 上(Rebuild 个目标)。
     1>C:\Program Files (x86)\MSBuild\Microsoft.Cpp\v4.0\V120\Microsoft.CppBuild.targets(364,5): warning MSB8004: Output Directory does not end with a trailing slash.  This build instance will add the slash as it is required to allow proper evaluation of the Output Directory.
     1>ClCompile:
         C:\Program Files (x86)\Microsoft Visual Studio 12.0\VC\bin\x86_amd64\CL.exe /c /IZ:\UG\FBM_Win32_NX11_NUAA_finalversion1\FBM\\UserMachiningPublicModule /I"C:\Program Files\Siemens\NX 11.0\ugopenpp" /I"C:\Program Files\Siemens\NX 11.0\ugopen" /Zi /nologo /W3 /WX- /Od /D _CRT_SECURE_NO_WARNINGS /D _SECURE_SCL=0 /D _USRDLL /D _WINDLL /D _MBCS /D _AFXDLL /Gm /EHsc /RTC1 /MD /GS /fp:precise /Zc:wchar_t /Zc:forScope /GR /Fo"x64\Debug\\" /Fd"x64\Debug\vc120.pdb" /Gd /TP /errorReport:prompt /d1scalableinclude- HoleDrilling.cpp PublicFunctions.cpp SLHoleDrillingcmd.cpp
         SLHoleDrillingcmd.cpp
     1>SLHoleDrillingcmd.cpp(91): warning C4267: “参数”: 从“size_t”转换到“const int”，可能丢失数据
     1>SLHoleDrillingcmd.cpp(107): warning C4267: “参数”: 从“size_t”转换到“const int”，可能丢失数据
     1>SLHoleDrillingcmd.cpp(123): warning C4267: “参数”: 从“size_t”转换到“const int”，可能丢失数据
     1>SLHoleDrillingcmd.cpp(139): warning C4267: “参数”: 从“size_t”转换到“const int”，可能丢失数据
     1>SLHoleDrillingcmd.cpp(155): warning C4267: “参数”: 从“size_t”转换到“const int”，可能丢失数据
     1>SLHoleDrillingcmd.cpp(171): warning C4267: “参数”: 从“size_t”转换到“const int”，可能丢失数据
     1>SLHoleDrillingcmd.cpp(187): warning C4267: “参数”: 从“size_t”转换到“const int”，可能丢失数据
     1>SLHoleDrillingcmd.cpp(203): warning C4267: “参数”: 从“size_t”转换到“const int”，可能丢失数据
     1>SLHoleDrillingcmd.cpp(219): warning C4267: “参数”: 从“size_t”转换到“const int”，可能丢失数据
     1>SLHoleDrillingcmd.cpp(235): warning C4267: “参数”: 从“size_t”转换到“const int”，可能丢失数据
     1>SLHoleDrillingcmd.cpp(252): warning C4267: “参数”: 从“size_t”转换到“const int”，可能丢失数据
     1>SLHoleDrillingcmd.cpp(269): warning C4267: “参数”: 从“size_t”转换到“const int”，可能丢失数据
     1>SLHoleDrillingcmd.cpp(285): warning C4267: “参数”: 从“size_t”转换到“const int”，可能丢失数据
     1>SLHoleDrillingcmd.cpp(302): warning C4267: “参数”: 从“size_t”转换到“const int”，可能丢失数据
     1>SLHoleDrillingcmd.cpp(318): warning C4267: “参数”: 从“size_t”转换到“const int”，可能丢失数据
     1>SLHoleDrillingcmd.cpp(334): warning C4267: “参数”: 从“size_t”转换到“const int”，可能丢失数据
     1>SLHoleDrillingcmd.cpp(353): warning C4267: “参数”: 从“size_t”转换到“const int”，可能丢失数据
     1>SLHoleDrillingcmd.cpp(370): warning C4267: “参数”: 从“size_t”转换到“const int”，可能丢失数据
     1>SLHoleDrillingcmd.cpp(387): warning C4267: “参数”: 从“size_t”转换到“const int”，可能丢失数据
     1>SLHoleDrillingcmd.cpp(675): warning C4101: “verticalPosition2”: 未引用的局部变量
     1>SLHoleDrillingcmd.cpp(673): warning C4101: “verticalPosition1”: 未引用的局部变量
     1>SLHoleDrillingcmd.cpp(1098): warning C4267: “初始化”: 从“size_t”转换到“int”，可能丢失数据
     1>SLHoleDrillingcmd.cpp(1264): warning C4267: “初始化”: 从“size_t”转换到“int”，可能丢失数据
     1>SLHoleDrillingcmd.cpp(1392): warning C4267: “初始化”: 从“size_t”转换到“int”，可能丢失数据
     1>SLHoleDrillingcmd.cpp(1433): warning C4267: “初始化”: 从“size_t”转换到“int”，可能丢失数据
     1>SLHoleDrillingcmd.cpp(1606): warning C4101: “verticalPosition2”: 未引用的局部变量
     1>SLHoleDrillingcmd.cpp(1604): warning C4101: “verticalPosition1”: 未引用的局部变量
     1>SLHoleDrillingcmd.cpp(1750): warning C4101: “verticalPosition2”: 未引用的局部变量
     1>SLHoleDrillingcmd.cpp(1748): warning C4101: “verticalPosition1”: 未引用的局部变量
     1>SLHoleDrillingcmd.cpp(1887): warning C4101: “verticalPosition2”: 未引用的局部变量
     1>SLHoleDrillingcmd.cpp(1885): warning C4101: “verticalPosition1”: 未引用的局部变量
     1>SLHoleDrillingcmd.cpp(2022): warning C4101: “verticalPosition2”: 未引用的局部变量
     1>SLHoleDrillingcmd.cpp(2020): warning C4101: “verticalPosition1”: 未引用的局部变量
     1>SLHoleDrillingcmd.cpp(2157): warning C4101: “verticalPosition2”: 未引用的局部变量
     1>SLHoleDrillingcmd.cpp(2155): warning C4101: “verticalPosition1”: 未引用的局部变量
     1>SLHoleDrillingcmd.cpp(2276): warning C4101: “msg”: 未引用的局部变量
     1>SLHoleDrillingcmd.cpp(2582): warning C4267: “初始化”: 从“size_t”转换到“int”，可能丢失数据
     1>SLHoleDrillingcmd.cpp(2586): warning C4267: “初始化”: 从“size_t”转换到“int”，可能丢失数据
     1>SLHoleDrillingcmd.cpp(2587): warning C4267: “初始化”: 从“size_t”转换到“int”，可能丢失数据
         PublicFunctions.cpp
     1>PublicFunctions.cpp(60): warning C4267: “初始化”: 从“size_t”转换到“int”，可能丢失数据
     1>PublicFunctions.cpp(92): warning C4101: “msg”: 未引用的局部变量
     1>PublicFunctions.cpp(136): warning C4101: “msg”: 未引用的局部变量
     1>PublicFunctions.cpp(205): warning C4101: “msg”: 未引用的局部变量
     1>PublicFunctions.cpp(362): warning C4267: “初始化”: 从“size_t”转换到“int”，可能丢失数据
     1>PublicFunctions.cpp(402): warning C4267: “初始化”: 从“size_t”转换到“int”，可能丢失数据
     1>PublicFunctions.cpp(403): warning C4267: “初始化”: 从“size_t”转换到“int”，可能丢失数据
     1>PublicFunctions.cpp(530): warning C4244: “初始化”: 从“double”转换到“int”，可能丢失数据
     1>PublicFunctions.cpp(1018): warning C4244: “初始化”: 从“double”转换到“int”，可能丢失数据
     1>PublicFunctions.cpp(1081): warning C4244: “初始化”: 从“double”转换到“int”，可能丢失数据
     1>PublicFunctions.cpp(1037): warning C4101: “new_point_parameter2”: 未引用的局部变量
     1>PublicFunctions.cpp(773): warning C4101: “intersectCurveManager”: 未引用的局部变量
     1>PublicFunctions.cpp(850): warning C4101: “intersectCurveManager”: 未引用的局部变量
     1>PublicFunctions.cpp(1694): warning C4101: “ref_pnt”: 未引用的局部变量
     1>PublicFunctions.cpp(1767): warning C4267: “=”: 从“size_t”转换到“int”，可能丢失数据
     1>PublicFunctions.cpp(1749): warning C4101: “CurveManager”: 未引用的局部变量
     1>PublicFunctions.cpp(1899): warning C4101: “EdgeManager”: 未引用的局部变量
     1>PublicFunctions.cpp(1950): warning C4101: “msg”: 未引用的局部变量
     1>PublicFunctions.cpp(2017): warning C4101: “msg”: 未引用的局部变量
     1>PublicFunctions.cpp(2238): warning C4267: “初始化”: 从“size_t”转换到“int”，可能丢失数据
     1>PublicFunctions.cpp(2260): warning C4267: “=”: 从“size_t”转换到“int”，可能丢失数据
     1>PublicFunctions.cpp(2322): warning C4101: “CurveManager”: 未引用的局部变量
     1>PublicFunctions.cpp(2377): warning C4267: “=”: 从“size_t”转换到“int”，可能丢失数据
     1>PublicFunctions.cpp(2386): warning C4101: “CurveManager”: 未引用的局部变量
     1>PublicFunctions.cpp(2360): warning C4101: “CurveManager”: 未引用的局部变量
     1>PublicFunctions.cpp(2448): warning C4267: “初始化”: 从“size_t”转换到“int”，可能丢失数据
     1>PublicFunctions.cpp(2697): warning C4267: “初始化”: 从“size_t”转换到“int”，可能丢失数据
     1>PublicFunctions.cpp(2723): warning C4267: “=”: 从“size_t”转换到“int”，可能丢失数据
     1>PublicFunctions.cpp(2796): warning C4101: “EdgeManager”: 未引用的局部变量
     1>PublicFunctions.cpp(3717): warning C4101: “EdgeManager”: 未引用的局部变量
         HoleDrilling.cpp
     1>z:\ug\fbm_win32_nx11_nuaa_finalversion1\fbm\holedrilling\HoleDrilling.hpp(97): warning C4251: “HoleDrilling::ListOfHole”: class“std::vector<Hole *,std::allocator<_Ty>>”需要有 dll 接口由 class“HoleDrilling”的客户端使用
                 with
                 [
                     _Ty=Hole *
                 ]
     1>z:\ug\fbm_win32_nx11_nuaa_finalversion1\fbm\holedrilling\HoleDrilling.hpp(98): warning C4251: “HoleDrilling::SelectedHoleList”: class“std::vector<Hole *,std::allocator<_Ty>>”需要有 dll 接口由 class“HoleDrilling”的客户端使用
                 with
                 [
                     _Ty=Hole *
                 ]
     1>z:\ug\fbm_win32_nx11_nuaa_finalversion1\fbm\holedrilling\HoleDrilling.hpp(99): warning C4251: “HoleDrilling::HoleDiameter”: class“std::vector<double,std::allocator<_Ty>>”需要有 dll 接口由 class“HoleDrilling”的客户端使用
                 with
                 [
                     _Ty=double
                 ]
     1>z:\ug\fbm_win32_nx11_nuaa_finalversion1\fbm\holedrilling\HoleDrilling.hpp(100): warning C4251: “HoleDrilling::DiameterOfHoleList”: class“std::vector<NXOpen::NXString,std::allocator<_Ty>>”需要有 dll 接口由 class“HoleDrilling”的客户端使用
                 with
                 [
                     _Ty=NXOpen::NXString
                 ]
     1>z:\ug\fbm_win32_nx11_nuaa_finalversion1\fbm\holedrilling\HoleDrilling.hpp(101): warning C4251: “HoleDrilling::RemoveHoleWallFaceList”: class“std::vector<NXOpen::Face *,std::allocator<_Ty>>”需要有 dll 接口由 class“HoleDrilling”的客户端使用
                 with
                 [
                     _Ty=NXOpen::Face *
                 ]
     1>z:\ug\fbm_win32_nx11_nuaa_finalversion1\fbm\holedrilling\HoleDrilling.hpp(102): warning C4251: “HoleDrilling::AllFaces”: class“std::vector<NXOpen::Face *,std::allocator<_Ty>>”需要有 dll 接口由 class“HoleDrilling”的客户端使用
                 with
                 [
                     _Ty=NXOpen::Face *
                 ]
     1>z:\ug\fbm_win32_nx11_nuaa_finalversion1\fbm\holedrilling\HoleDrilling.hpp(104): warning C4251: “HoleDrilling::ListOfDirectionNormalHole”: class“std::vector<DirectionNormalHole *,std::allocator<_Ty>>”需要有 dll 接口由 class“HoleDrilling”的客户端使用
                 with
                 [
                     _Ty=DirectionNormalHole *
                 ]
     1>z:\ug\fbm_win32_nx11_nuaa_finalversion1\fbm\holedrilling\HoleDrilling.hpp(105): warning C4251: “HoleDrilling::ListOfDirectionRightHole”: class“std::vector<DirectionRightHole *,std::allocator<_Ty>>”需要有 dll 接口由 class“HoleDrilling”的客户端使用
                 with
                 [
                     _Ty=DirectionRightHole *
                 ]
     1>z:\ug\fbm_win32_nx11_nuaa_finalversion1\fbm\holedrilling\HoleDrilling.hpp(106): warning C4251: “HoleDrilling::ListOfDirectionBlindHole”: class“std::vector<DirectionBlindHole *,std::allocator<_Ty>>”需要有 dll 接口由 class“HoleDrilling”的客户端使用
                 with
                 [
                     _Ty=DirectionBlindHole *
                 ]
     1>z:\ug\fbm_win32_nx11_nuaa_finalversion1\fbm\holedrilling\HoleDrilling.hpp(107): warning C4251: “HoleDrilling::ListOfWallNormalHole”: class“std::vector<WallNormalHole *,std::allocator<_Ty>>”需要有 dll 接口由 class“HoleDrilling”的客户端使用
                 with
                 [
                     _Ty=WallNormalHole *
                 ]
     1>z:\ug\fbm_win32_nx11_nuaa_finalversion1\fbm\holedrilling\HoleDrilling.hpp(108): warning C4251: “HoleDrilling::ListOfWallCircleCombineHole”: class“std::vector<WallCircleCombineHole *,std::allocator<_Ty>>”需要有 dll 接口由 class“HoleDrilling”的客户端使用
                 with
                 [
                     _Ty=WallCircleCombineHole *
                 ]
     1>z:\ug\fbm_win32_nx11_nuaa_finalversion1\fbm\holedrilling\HoleDrilling.hpp(109): warning C4251: “HoleDrilling::ListOfRibCombineHole”: class“std::vector<RibCombineHole *,std::allocator<_Ty>>”需要有 dll 接口由 class“HoleDrilling”的客户端使用
                 with
                 [
                     _Ty=RibCombineHole *
                 ]
     1>z:\ug\fbm_win32_nx11_nuaa_finalversion1\fbm\holedrilling\HoleDrilling.hpp(110): warning C4251: “HoleDrilling::ListOfBossNormalHole”: class“std::vector<BossNormalHole *,std::allocator<_Ty>>”需要有 dll 接口由 class“HoleDrilling”的客户端使用
                 with
                 [
                     _Ty=BossNormalHole *
                 ]
     1>z:\ug\fbm_win32_nx11_nuaa_finalversion1\fbm\holedrilling\HoleDrilling.hpp(111): warning C4251: “HoleDrilling::ListOfBossOneRightHole”: class“std::vector<BossOneRightHole *,std::allocator<_Ty>>”需要有 dll 接口由 class“HoleDrilling”的客户端使用
                 with
                 [
                     _Ty=BossOneRightHole *
                 ]
     1>z:\ug\fbm_win32_nx11_nuaa_finalversion1\fbm\holedrilling\HoleDrilling.hpp(112): warning C4251: “HoleDrilling::ListOfBossOneCircleHole”: class“std::vector<BossOneCircleHole *,std::allocator<_Ty>>”需要有 dll 接口由 class“HoleDrilling”的客户端使用
                 with
                 [
                     _Ty=BossOneCircleHole *
                 ]
     1>z:\ug\fbm_win32_nx11_nuaa_finalversion1\fbm\holedrilling\HoleDrilling.hpp(113): warning C4251: “HoleDrilling::ListOfBossDoubleRightHole”: class“std::vector<BossDoubleRightHole *,std::allocator<_Ty>>”需要有 dll 接口由 class“HoleDrilling”的客户端使用
                 with
                 [
                     _Ty=BossDoubleRightHole *
                 ]
     1>z:\ug\fbm_win32_nx11_nuaa_finalversion1\fbm\holedrilling\HoleDrilling.hpp(114): warning C4251: “HoleDrilling::ListOfBossDoubleCircleHole”: class“std::vector<BossDoubleCircleHole *,std::allocator<_Ty>>”需要有 dll 接口由 class“HoleDrilling”的客户端使用
                 with
                 [
                     _Ty=BossDoubleCircleHole *
                 ]
     1>z:\ug\fbm_win32_nx11_nuaa_finalversion1\fbm\holedrilling\HoleDrilling.hpp(115): warning C4251: “HoleDrilling::ListOfBossOneRightOneCircleHole”: class“std::vector<BossOneRightOneCircleHole *,std::allocator<_Ty>>”需要有 dll 接口由 class“HoleDrilling”的客户端使用
                 with
                 [
                     _Ty=BossOneRightOneCircleHole *
                 ]
     1>z:\ug\fbm_win32_nx11_nuaa_finalversion1\fbm\holedrilling\HoleDrilling.hpp(116): warning C4251: “HoleDrilling::ListOfBossManyLayerHole”: class“std::vector<BossManyLayerHole *,std::allocator<_Ty>>”需要有 dll 接口由 class“HoleDrilling”的客户端使用
                 with
                 [
                     _Ty=BossManyLayerHole *
                 ]
     1>z:\ug\fbm_win32_nx11_nuaa_finalversion1\fbm\holedrilling\HoleDrilling.hpp(117): warning C4251: “HoleDrilling::ListOfBossOutsideWideCombineHole”: class“std::vector<BossOutsideWideCombineHole *,std::allocator<_Ty>>”需要有 dll 接口由 class“HoleDrilling”的客户端使用
                 with
                 [
                     _Ty=BossOutsideWideCombineHole *
                 ]
     1>z:\ug\fbm_win32_nx11_nuaa_finalversion1\fbm\holedrilling\HoleDrilling.hpp(118): warning C4251: “HoleDrilling::ListOfBossInsideWideCombineHole”: class“std::vector<BossInsideWideCombineHole *,std::allocator<_Ty>>”需要有 dll 接口由 class“HoleDrilling”的客户端使用
                 with
                 [
                     _Ty=BossInsideWideCombineHole *
                 ]
     1>z:\ug\fbm_win32_nx11_nuaa_finalversion1\fbm\holedrilling\HoleDrilling.hpp(119): warning C4251: “HoleDrilling::ListOfBossMidCricleCombineHole”: class“std::vector<BossMidCricleCombineHole *,std::allocator<_Ty>>”需要有 dll 接口由 class“HoleDrilling”的客户端使用
                 with
                 [
                     _Ty=BossMidCricleCombineHole *
                 ]
     1>z:\ug\fbm_win32_nx11_nuaa_finalversion1\fbm\holedrilling\HoleDrilling.hpp(120): warning C4251: “HoleDrilling::ListOfBossNormalBlindHole”: class“std::vector<BossNormalBlindHole *,std::allocator<_Ty>>”需要有 dll 接口由 class“HoleDrilling”的客户端使用
                 with
                 [
                     _Ty=BossNormalBlindHole *
                 ]
     1>z:\ug\fbm_win32_nx11_nuaa_finalversion1\fbm\holedrilling\HoleDrilling.hpp(121): warning C4251: “HoleDrilling::ListOfBossRightBlindHole”: class“std::vector<BossRightBlindHole *,std::allocator<_Ty>>”需要有 dll 接口由 class“HoleDrilling”的客户端使用
                 with
                 [
                     _Ty=BossRightBlindHole *
                 ]
     1>z:\ug\fbm_win32_nx11_nuaa_finalversion1\fbm\holedrilling\HoleDrilling.hpp(122): warning C4251: “HoleDrilling::ListOfBossOtherHole”: class“std::vector<Other3Hole *,std::allocator<_Ty>>”需要有 dll 接口由 class“HoleDrilling”的客户端使用
                 with
                 [
                     _Ty=Other3Hole *
                 ]
     1>z:\ug\fbm_win32_nx11_nuaa_finalversion1\fbm\holedrilling\HoleDrilling.hpp(128): warning C4251: “HoleDrilling::ProgramMembers”: class“std::vector<NXOpen::CAM::CAMObject *,std::allocator<_Ty>>”需要有 dll 接口由 class“HoleDrilling”的客户端使用
                 with
                 [
                     _Ty=NXOpen::CAM::CAMObject *
                 ]
     1>z:\ug\fbm_win32_nx11_nuaa_finalversion1\fbm\holedrilling\HoleDrilling.hpp(129): warning C4251: “HoleDrilling::ProgramStringList”: class“std::vector<NXOpen::NXString,std::allocator<_Ty>>”需要有 dll 接口由 class“HoleDrilling”的客户端使用
                 with
                 [
                     _Ty=NXOpen::NXString
                 ]
     1>z:\ug\fbm_win32_nx11_nuaa_finalversion1\fbm\holedrilling\HoleDrilling.hpp(130): warning C4251: “HoleDrilling::ToolMembers”: class“std::vector<NXOpen::CAM::CAMObject *,std::allocator<_Ty>>”需要有 dll 接口由 class“HoleDrilling”的客户端使用
                 with
                 [
                     _Ty=NXOpen::CAM::CAMObject *
                 ]
     1>z:\ug\fbm_win32_nx11_nuaa_finalversion1\fbm\holedrilling\HoleDrilling.hpp(131): warning C4251: “HoleDrilling::ToolStringList”: class“std::vector<NXOpen::NXString,std::allocator<_Ty>>”需要有 dll 接口由 class“HoleDrilling”的客户端使用
                 with
                 [
                     _Ty=NXOpen::NXString
                 ]
     1>z:\ug\fbm_win32_nx11_nuaa_finalversion1\fbm\holedrilling\HoleDrilling.hpp(132): warning C4251: “HoleDrilling::MCSMembers”: class“std::vector<NXOpen::CAM::CAMObject *,std::allocator<_Ty>>”需要有 dll 接口由 class“HoleDrilling”的客户端使用
                 with
                 [
                     _Ty=NXOpen::CAM::CAMObject *
                 ]
     1>z:\ug\fbm_win32_nx11_nuaa_finalversion1\fbm\holedrilling\HoleDrilling.hpp(133): warning C4251: “HoleDrilling::MCSStringList”: class“std::vector<NXOpen::NXString,std::allocator<_Ty>>”需要有 dll 接口由 class“HoleDrilling”的客户端使用
                 with
                 [
                     _Ty=NXOpen::NXString
                 ]
     1>z:\ug\fbm_win32_nx11_nuaa_finalversion1\fbm\holedrilling\HoleDrilling.hpp(134): warning C4251: “HoleDrilling::MethodMembers”: class“std::vector<NXOpen::CAM::CAMObject *,std::allocator<_Ty>>”需要有 dll 接口由 class“HoleDrilling”的客户端使用
                 with
                 [
                     _Ty=NXOpen::CAM::CAMObject *
                 ]
     1>z:\ug\fbm_win32_nx11_nuaa_finalversion1\fbm\holedrilling\HoleDrilling.hpp(135): warning C4251: “HoleDrilling::MethodStringList”: class“std::vector<NXOpen::NXString,std::allocator<_Ty>>”需要有 dll 接口由 class“HoleDrilling”的客户端使用
                 with
                 [
                     _Ty=NXOpen::NXString
                 ]
     1>z:\ug\fbm_win32_nx11_nuaa_finalversion1\fbm\holedrilling\HoleDrilling.hpp(137): warning C4251: “HoleDrilling::SelectedHoleInWallFaceList0”: class“std::vector<NXOpen::Face *,std::allocator<_Ty>>”需要有 dll 接口由 class“HoleDrilling”的客户端使用
                 with
                 [
                     _Ty=NXOpen::Face *
                 ]
     1>z:\ug\fbm_win32_nx11_nuaa_finalversion1\fbm\holedrilling\HoleDrilling.hpp(138): warning C4251: “HoleDrilling::SelectedHoleInWallFaceList”: class“std::vector<NXOpen::Face *,std::allocator<_Ty>>”需要有 dll 接口由 class“HoleDrilling”的客户端使用
                 with
                 [
                     _Ty=NXOpen::Face *
                 ]
     1>z:\ug\fbm_win32_nx11_nuaa_finalversion1\fbm\holedrilling\HoleDrilling.hpp(139): warning C4251: “HoleDrilling::HoleInWallFaceList”: class“std::vector<NXOpen::Face *,std::allocator<_Ty>>”需要有 dll 接口由 class“HoleDrilling”的客户端使用
                 with
                 [
                     _Ty=NXOpen::Face *
                 ]
     1>HoleDrilling.cpp(65): warning C4101: “ex”: 未引用的局部变量
     1>HoleDrilling.cpp(619): warning C4267: “初始化”: 从“size_t”转换到“int”，可能丢失数据
     1>HoleDrilling.cpp(1462): warning C4244: “=”: 从“double”转换到“int”，可能丢失数据
     1>HoleDrilling.cpp(1511): warning C4244: “=”: 从“double”转换到“int”，可能丢失数据
     1>HoleDrilling.cpp(1518): warning C4244: “=”: 从“double”转换到“int”，可能丢失数据
     1>HoleDrilling.cpp(1526): warning C4244: “=”: 从“double”转换到“int”，可能丢失数据
     1>HoleDrilling.cpp(1552): warning C4244: “=”: 从“double”转换到“int”，可能丢失数据
     1>HoleDrilling.cpp(1595): warning C4244: “=”: 从“double”转换到“int”，可能丢失数据
     1>HoleDrilling.cpp(1599): warning C4244: “=”: 从“double”转换到“int”，可能丢失数据
     1>HoleDrilling.cpp(1618): warning C4244: “=”: 从“double”转换到“int”，可能丢失数据
     1>HoleDrilling.cpp(1686): warning C4244: “=”: 从“double”转换到“int”，可能丢失数据
     1>HoleDrilling.cpp(1785): warning C4244: “=”: 从“double”转换到“int”，可能丢失数据
     1>HoleDrilling.cpp(1789): warning C4244: “=”: 从“double”转换到“int”，可能丢失数据
     1>HoleDrilling.cpp(1851): warning C4244: “=”: 从“double”转换到“int”，可能丢失数据
     1>HoleDrilling.cpp(1917): warning C4267: “初始化”: 从“size_t”转换到“int”，可能丢失数据
     1>HoleDrilling.cpp(1931): warning C4267: “初始化”: 从“size_t”转换到“int”，可能丢失数据
     1>HoleDrilling.cpp(1992): warning C4267: “初始化”: 从“size_t”转换到“int”，可能丢失数据
     1>HoleDrilling.cpp(2003): warning C4267: “初始化”: 从“size_t”转换到“int”，可能丢失数据
     1>HoleDrilling.cpp(5166): warning C4101: “ex2”: 未引用的局部变量
     1>HoleDrilling.cpp(5224): warning C4267: “初始化”: 从“size_t”转换到“int”，可能丢失数据
         正在生成代码...
     1>z:\ug\fbm_win32_nx11_nuaa_finalversion1\fbm\holedrilling\holedrilling.cpp(5171): warning C4700: 使用了未初始化的局部变量“errorFace”
     1>z:\ug\fbm_win32_nx11_nuaa_finalversion1\fbm\holedrilling\publicfunctions.cpp(3534): warning C4715: “Get_RightAndWrong_Edge_FromCylinder”: 不是所有的控件路径都返回值
       Link:
         C:\Program Files (x86)\Microsoft Visual Studio 12.0\VC\bin\x86_amd64\link.exe /ERRORREPORT:PROMPT /OUT:"..\..\Application\/HoleDrilling.dll" /INCREMENTAL /NOLOGO /LIBPATH:"C:\Program Files\Siemens\NX 11.0\ugopenpp" /LIBPATH:Z:\UG\FBM_Win32_NX11_NUAA_finalversion1\FBM\\UserMachiningPublicModule /LIBPATH:"C:\Program Files\Siemens\NX 11.0\ugopen" libufun.lib libufun_cae.lib libufun_cam.lib libufun_die.lib libufun_vdac.lib libufun_weld.lib libnxopencpp.lib libnxopencpp_annotations.lib libnxopencpp_assemblies.lib libnxopencpp_bodydes.lib libnxopencpp_cae.lib libnxopencpp_cam.lib libnxopencpp_diagramming.lib libnxopencpp_die.lib libnxopencpp_display.lib libnxopencpp_drafting.lib libnxopencpp_drawings.lib libnxopencpp_facet.lib libnxopencpp_features.lib libnxopencpp_fields.lib libnxopencpp_formboard.lib libnxopencpp_gateway.lib libnxopencpp_geometricanalysis.lib libnxopencpp_geometricutilities.lib libnxopencpp_issue.lib libnxopencpp_layer.lib libnxopencpp_layout2d.lib libnxopencpp_markup.lib libnxopencpp_mechanicalrouting.lib libnxopencpp_mechatronics.lib libnxopencpp_mfg.lib libnxopencpp_modldirect.lib libnxopencpp_motion.lib libnxopencpp_openxml.lib libnxopencpp_optimization.lib libnxopencpp_options.lib libnxopencpp_partfamily.lib libnxopencpp_pdm.lib libnxopencpp_physmat.lib libnxopencpp_placement.lib libnxopencpp_plas.lib libnxopencpp_positioning.lib libnxopencpp_preferences.lib libnxopencpp_report.lib libnxopencpp_routing.lib libnxopencpp_shapesearch.lib libnxopencpp_sheetmetal.lib libnxopencpp_shipdesign.lib libnxopencpp_sim.lib libnxopencpp_tooling.lib libnxopencpp_userdefinedobjects.lib libnxopencpp_userdefinedtemplate.lib libnxopencpp_validate.lib libnxopencpp_visualreporting.lib libnxopencpp_weld.lib libugopenint.lib libugopenint_cae.lib libugopenint_cam.lib libnxopenuicpp.lib /MANIFEST /MANIFESTUAC:"level='asInvoker' uiAccess='false'" /manifest:embed /manifestinput:"C:\Program Files (x86)\Microsoft Visual Studio 12.0\VC\Include\Manifest\dpiaware.manifest" /DEBUG /PDB:"..\..\Application\HoleDrilling.pdb" /SUBSYSTEM:CONSOLE /TLBID:1 /DYNAMICBASE /NXCOMPAT /IMPLIB:"..\..\Application\/HoleDrilling.lib" /MACHINE:X64 /DLL x64\Debug\HoleDrilling.obj
         x64\Debug\PublicFunctions.obj
         x64\Debug\SLHoleDrillingcmd.obj
         LINK : 没有找到 ..\..\Application\/HoleDrilling.dll 或上一个增量链接没有生成它；正在执行完全链接
            正在创建库 ..\..\Application\/HoleDrilling.lib 和对象 ..\..\Application\/HoleDrilling.exp
         HoleDrilling.vcxproj -> Z:\UG\FBM_Win32_NX11_NUAA_finalversion1\FBM\HoleDrilling\..\..\Application\HoleDrilling.dll
     1>已完成生成项目“Z:\UG\FBM_Win32_NX11_NUAA_finalversion1\FBM\HoleDrilling\HoleDrilling.vcxproj”(Rebuild 个目标)的操作。

生成成功。

已用时间 00:00:10.04
